{"/home/john/Studies/React/casarcom-frontend-technical-test/postcss.config.js": {"path":"/home/john/Studies/React/casarcom-frontend-technical-test/postcss.config.js","all":true,"statementMap":{"0":{"start":{"line":1,"column":0},"end":{"line":1,"column":16}},"1":{"start":{"line":2,"column":0},"end":{"line":2,"column":12}},"2":{"start":{"line":3,"column":0},"end":{"line":3,"column":20}},"3":{"start":{"line":4,"column":0},"end":{"line":4,"column":21}},"4":{"start":{"line":5,"column":0},"end":{"line":5,"column":4}},"5":{"start":{"line":6,"column":0},"end":{"line":6,"column":1}}},"s":{"0":0,"1":0,"2":0,"3":0,"4":0,"5":0},"branchMap":{"0":{"type":"branch","line":1,"loc":{"start":{"line":1,"column":0},"end":{"line":6,"column":1}},"locations":[{"start":{"line":1,"column":0},"end":{"line":6,"column":1}}]}},"b":{"0":[0]},"fnMap":{"0":{"name":"(empty-report)","decl":{"start":{"line":1,"column":0},"end":{"line":6,"column":1}},"loc":{"start":{"line":1,"column":0},"end":{"line":6,"column":1}},"line":1}},"f":{"0":0}}
,"/home/john/Studies/React/casarcom-frontend-technical-test/tailwind.config.js": {"path":"/home/john/Studies/React/casarcom-frontend-technical-test/tailwind.config.js","all":true,"statementMap":{"0":{"start":{"line":1,"column":0},"end":{"line":1,"column":43}},"1":{"start":{"line":2,"column":0},"end":{"line":2,"column":16}},"2":{"start":{"line":3,"column":0},"end":{"line":3,"column":46}},"3":{"start":{"line":4,"column":0},"end":{"line":4,"column":10}},"4":{"start":{"line":5,"column":0},"end":{"line":5,"column":13}},"5":{"start":{"line":6,"column":0},"end":{"line":6,"column":15}},"6":{"start":{"line":7,"column":0},"end":{"line":7,"column":32}},"7":{"start":{"line":8,"column":0},"end":{"line":8,"column":37}},"8":{"start":{"line":9,"column":0},"end":{"line":9,"column":36}},"9":{"start":{"line":10,"column":0},"end":{"line":10,"column":0}},"10":{"start":{"line":11,"column":0},"end":{"line":11,"column":31}},"11":{"start":{"line":12,"column":0},"end":{"line":12,"column":31}},"12":{"start":{"line":13,"column":0},"end":{"line":13,"column":28}},"13":{"start":{"line":14,"column":0},"end":{"line":14,"column":0}},"14":{"start":{"line":15,"column":0},"end":{"line":15,"column":40}},"15":{"start":{"line":16,"column":0},"end":{"line":16,"column":40}},"16":{"start":{"line":17,"column":0},"end":{"line":17,"column":33}},"17":{"start":{"line":18,"column":0},"end":{"line":18,"column":0}},"18":{"start":{"line":19,"column":0},"end":{"line":19,"column":32}},"19":{"start":{"line":20,"column":0},"end":{"line":20,"column":27}},"20":{"start":{"line":21,"column":0},"end":{"line":21,"column":26}},"21":{"start":{"line":22,"column":0},"end":{"line":22,"column":8}},"22":{"start":{"line":23,"column":0},"end":{"line":23,"column":0}},"23":{"start":{"line":24,"column":0},"end":{"line":24,"column":19}},"24":{"start":{"line":25,"column":0},"end":{"line":25,"column":40}},"25":{"start":{"line":26,"column":0},"end":{"line":26,"column":8}},"26":{"start":{"line":27,"column":0},"end":{"line":27,"column":0}},"27":{"start":{"line":28,"column":0},"end":{"line":28,"column":17}},"28":{"start":{"line":29,"column":0},"end":{"line":29,"column":21}},"29":{"start":{"line":30,"column":0},"end":{"line":30,"column":29}},"30":{"start":{"line":31,"column":0},"end":{"line":31,"column":29}},"31":{"start":{"line":32,"column":0},"end":{"line":32,"column":21}},"32":{"start":{"line":33,"column":0},"end":{"line":33,"column":21}},"33":{"start":{"line":34,"column":0},"end":{"line":34,"column":29}},"34":{"start":{"line":35,"column":0},"end":{"line":35,"column":21}},"35":{"start":{"line":36,"column":0},"end":{"line":36,"column":8}},"36":{"start":{"line":37,"column":0},"end":{"line":37,"column":19}},"37":{"start":{"line":38,"column":0},"end":{"line":38,"column":23}},"38":{"start":{"line":39,"column":0},"end":{"line":39,"column":22}},"39":{"start":{"line":40,"column":0},"end":{"line":40,"column":24}},"40":{"start":{"line":41,"column":0},"end":{"line":41,"column":8}},"41":{"start":{"line":42,"column":0},"end":{"line":42,"column":6}},"42":{"start":{"line":43,"column":0},"end":{"line":43,"column":4}},"43":{"start":{"line":44,"column":0},"end":{"line":44,"column":14}},"44":{"start":{"line":45,"column":0},"end":{"line":45,"column":2}}},"s":{"0":0,"1":0,"2":0,"3":0,"4":0,"5":0,"6":0,"7":0,"8":0,"9":0,"10":0,"11":0,"12":0,"13":0,"14":0,"15":0,"16":0,"17":0,"18":0,"19":0,"20":0,"21":0,"22":0,"23":0,"24":0,"25":0,"26":0,"27":0,"28":0,"29":0,"30":0,"31":0,"32":0,"33":0,"34":0,"35":0,"36":0,"37":0,"38":0,"39":0,"40":0,"41":0,"42":0,"43":0,"44":0},"branchMap":{"0":{"type":"branch","line":1,"loc":{"start":{"line":1,"column":0},"end":{"line":45,"column":2}},"locations":[{"start":{"line":1,"column":0},"end":{"line":45,"column":2}}]}},"b":{"0":[0]},"fnMap":{"0":{"name":"(empty-report)","decl":{"start":{"line":1,"column":0},"end":{"line":45,"column":2}},"loc":{"start":{"line":1,"column":0},"end":{"line":45,"column":2}},"line":1}},"f":{"0":0}}
,"/home/john/Studies/React/casarcom-frontend-technical-test/src/App.tsx": {"path":"/home/john/Studies/React/casarcom-frontend-technical-test/src/App.tsx","all":true,"statementMap":{"0":{"start":{"line":1,"column":0},"end":{"line":1,"column":29}},"1":{"start":{"line":2,"column":0},"end":{"line":2,"column":47}},"2":{"start":{"line":3,"column":0},"end":{"line":3,"column":0}},"3":{"start":{"line":4,"column":0},"end":{"line":4,"column":50}},"4":{"start":{"line":5,"column":0},"end":{"line":5,"column":48}},"5":{"start":{"line":6,"column":0},"end":{"line":6,"column":0}},"6":{"start":{"line":7,"column":0},"end":{"line":7,"column":47}},"7":{"start":{"line":8,"column":0},"end":{"line":8,"column":40}},"8":{"start":{"line":9,"column":0},"end":{"line":9,"column":34}},"9":{"start":{"line":10,"column":0},"end":{"line":10,"column":0}},"10":{"start":{"line":11,"column":0},"end":{"line":11,"column":16}},"11":{"start":{"line":12,"column":0},"end":{"line":12,"column":10}},"12":{"start":{"line":13,"column":0},"end":{"line":13,"column":17}},"13":{"start":{"line":14,"column":0},"end":{"line":14,"column":40}},"14":{"start":{"line":15,"column":0},"end":{"line":15,"column":24}},"15":{"start":{"line":16,"column":0},"end":{"line":16,"column":17}},"16":{"start":{"line":17,"column":0},"end":{"line":17,"column":18}},"17":{"start":{"line":18,"column":0},"end":{"line":18,"column":4}},"18":{"start":{"line":19,"column":0},"end":{"line":19,"column":1}},"19":{"start":{"line":20,"column":0},"end":{"line":20,"column":0}},"20":{"start":{"line":21,"column":0},"end":{"line":21,"column":19}}},"s":{"0":0,"1":0,"2":0,"3":0,"4":0,"5":0,"6":0,"7":0,"8":0,"9":0,"10":0,"11":0,"12":0,"13":0,"14":0,"15":0,"16":0,"17":0,"18":0,"19":0,"20":0},"branchMap":{"0":{"type":"branch","line":1,"loc":{"start":{"line":1,"column":0},"end":{"line":21,"column":19}},"locations":[{"start":{"line":1,"column":0},"end":{"line":21,"column":19}}]}},"b":{"0":[0]},"fnMap":{"0":{"name":"(empty-report)","decl":{"start":{"line":1,"column":0},"end":{"line":21,"column":19}},"loc":{"start":{"line":1,"column":0},"end":{"line":21,"column":19}},"line":1}},"f":{"0":0}}
,"/home/john/Studies/React/casarcom-frontend-technical-test/src/main.tsx": {"path":"/home/john/Studies/React/casarcom-frontend-technical-test/src/main.tsx","all":true,"statementMap":{"0":{"start":{"line":1,"column":0},"end":{"line":1,"column":40}},"1":{"start":{"line":2,"column":0},"end":{"line":2,"column":0}},"2":{"start":{"line":3,"column":0},"end":{"line":3,"column":28}},"3":{"start":{"line":4,"column":0},"end":{"line":4,"column":0}},"4":{"start":{"line":5,"column":0},"end":{"line":5,"column":70}}},"s":{"0":0,"1":0,"2":0,"3":0,"4":0},"branchMap":{"0":{"type":"branch","line":1,"loc":{"start":{"line":1,"column":0},"end":{"line":5,"column":70}},"locations":[{"start":{"line":1,"column":0},"end":{"line":5,"column":70}}]}},"b":{"0":[0]},"fnMap":{"0":{"name":"(empty-report)","decl":{"start":{"line":1,"column":0},"end":{"line":5,"column":70}},"loc":{"start":{"line":1,"column":0},"end":{"line":5,"column":70}},"line":1}},"f":{"0":0}}
,"/home/john/Studies/React/casarcom-frontend-technical-test/src/routes.tsx": {"path":"/home/john/Studies/React/casarcom-frontend-technical-test/src/routes.tsx","all":true,"statementMap":{"0":{"start":{"line":1,"column":0},"end":{"line":1,"column":55}},"1":{"start":{"line":2,"column":0},"end":{"line":2,"column":0}},"2":{"start":{"line":3,"column":0},"end":{"line":3,"column":46}},"3":{"start":{"line":4,"column":0},"end":{"line":4,"column":36}},"4":{"start":{"line":5,"column":0},"end":{"line":5,"column":44}},"5":{"start":{"line":6,"column":0},"end":{"line":6,"column":36}},"6":{"start":{"line":7,"column":0},"end":{"line":7,"column":0}},"7":{"start":{"line":8,"column":0},"end":{"line":8,"column":43}},"8":{"start":{"line":9,"column":0},"end":{"line":9,"column":3}},"9":{"start":{"line":10,"column":0},"end":{"line":10,"column":14}},"10":{"start":{"line":11,"column":0},"end":{"line":11,"column":22}},"11":{"start":{"line":12,"column":0},"end":{"line":12,"column":4}},"12":{"start":{"line":13,"column":0},"end":{"line":13,"column":3}},"13":{"start":{"line":14,"column":0},"end":{"line":14,"column":42}},"14":{"start":{"line":15,"column":0},"end":{"line":15,"column":26}},"15":{"start":{"line":16,"column":0},"end":{"line":16,"column":4}},"16":{"start":{"line":17,"column":0},"end":{"line":17,"column":3}},"17":{"start":{"line":18,"column":0},"end":{"line":18,"column":23}},"18":{"start":{"line":19,"column":0},"end":{"line":19,"column":27}},"19":{"start":{"line":20,"column":0},"end":{"line":20,"column":4}},"20":{"start":{"line":21,"column":0},"end":{"line":21,"column":3}},"21":{"start":{"line":22,"column":0},"end":{"line":22,"column":30}},"22":{"start":{"line":23,"column":0},"end":{"line":23,"column":22}},"23":{"start":{"line":24,"column":0},"end":{"line":24,"column":4}},"24":{"start":{"line":25,"column":0},"end":{"line":25,"column":3}}},"s":{"0":0,"1":0,"2":0,"3":0,"4":0,"5":0,"6":0,"7":0,"8":0,"9":0,"10":0,"11":0,"12":0,"13":0,"14":0,"15":0,"16":0,"17":0,"18":0,"19":0,"20":0,"21":0,"22":0,"23":0,"24":0},"branchMap":{"0":{"type":"branch","line":1,"loc":{"start":{"line":1,"column":0},"end":{"line":25,"column":3}},"locations":[{"start":{"line":1,"column":0},"end":{"line":25,"column":3}}]}},"b":{"0":[0]},"fnMap":{"0":{"name":"(empty-report)","decl":{"start":{"line":1,"column":0},"end":{"line":25,"column":3}},"loc":{"start":{"line":1,"column":0},"end":{"line":25,"column":3}},"line":1}},"f":{"0":0}}
,"/home/john/Studies/React/casarcom-frontend-technical-test/src/components/Header.tsx": {"path":"/home/john/Studies/React/casarcom-frontend-technical-test/src/components/Header.tsx","all":false,"statementMap":{"0":{"start":{"line":1,"column":0},"end":{"line":1,"column":48}},"1":{"start":{"line":2,"column":0},"end":{"line":2,"column":64}},"2":{"start":{"line":3,"column":0},"end":{"line":3,"column":53}},"3":{"start":{"line":4,"column":0},"end":{"line":4,"column":39}},"4":{"start":{"line":5,"column":0},"end":{"line":5,"column":0}},"5":{"start":{"line":6,"column":0},"end":{"line":6,"column":26}},"6":{"start":{"line":7,"column":0},"end":{"line":7,"column":59}},"7":{"start":{"line":8,"column":0},"end":{"line":8,"column":0}},"8":{"start":{"line":9,"column":0},"end":{"line":9,"column":33}},"9":{"start":{"line":10,"column":0},"end":{"line":10,"column":0}},"10":{"start":{"line":11,"column":0},"end":{"line":11,"column":33}},"11":{"start":{"line":12,"column":0},"end":{"line":12,"column":29}},"12":{"start":{"line":13,"column":0},"end":{"line":13,"column":41}},"13":{"start":{"line":14,"column":0},"end":{"line":14,"column":33}},"14":{"start":{"line":15,"column":0},"end":{"line":15,"column":9}},"15":{"start":{"line":16,"column":0},"end":{"line":16,"column":0}},"16":{"start":{"line":17,"column":0},"end":{"line":17,"column":13}},"17":{"start":{"line":18,"column":0},"end":{"line":18,"column":5}},"18":{"start":{"line":19,"column":0},"end":{"line":19,"column":39}},"19":{"start":{"line":20,"column":0},"end":{"line":20,"column":3}},"20":{"start":{"line":21,"column":0},"end":{"line":21,"column":0}},"21":{"start":{"line":22,"column":0},"end":{"line":22,"column":72}},"22":{"start":{"line":23,"column":0},"end":{"line":23,"column":32}},"23":{"start":{"line":24,"column":0},"end":{"line":24,"column":21}},"24":{"start":{"line":25,"column":0},"end":{"line":25,"column":5}},"25":{"start":{"line":26,"column":0},"end":{"line":26,"column":3}},"26":{"start":{"line":27,"column":0},"end":{"line":27,"column":0}},"27":{"start":{"line":28,"column":0},"end":{"line":28,"column":10}},"28":{"start":{"line":29,"column":0},"end":{"line":29,"column":42}},"29":{"start":{"line":30,"column":0},"end":{"line":30,"column":97}},"30":{"start":{"line":31,"column":0},"end":{"line":31,"column":207}},"31":{"start":{"line":32,"column":0},"end":{"line":32,"column":16}},"32":{"start":{"line":33,"column":0},"end":{"line":33,"column":23}},"33":{"start":{"line":34,"column":0},"end":{"line":34,"column":40}},"34":{"start":{"line":35,"column":0},"end":{"line":35,"column":38}},"35":{"start":{"line":36,"column":0},"end":{"line":36,"column":124}},"36":{"start":{"line":37,"column":0},"end":{"line":37,"column":67}},"37":{"start":{"line":38,"column":0},"end":{"line":38,"column":43}},"38":{"start":{"line":39,"column":0},"end":{"line":39,"column":12}},"39":{"start":{"line":40,"column":0},"end":{"line":40,"column":17}},"40":{"start":{"line":41,"column":0},"end":{"line":41,"column":25}},"41":{"start":{"line":42,"column":0},"end":{"line":42,"column":34}},"42":{"start":{"line":43,"column":0},"end":{"line":43,"column":45}},"43":{"start":{"line":44,"column":0},"end":{"line":44,"column":46}},"44":{"start":{"line":45,"column":0},"end":{"line":45,"column":11}},"45":{"start":{"line":46,"column":0},"end":{"line":46,"column":30}},"46":{"start":{"line":47,"column":0},"end":{"line":47,"column":83}},"47":{"start":{"line":48,"column":0},"end":{"line":48,"column":23}},"48":{"start":{"line":49,"column":0},"end":{"line":49,"column":14}},"49":{"start":{"line":50,"column":0},"end":{"line":50,"column":19}},"50":{"start":{"line":51,"column":0},"end":{"line":51,"column":14}},"51":{"start":{"line":52,"column":0},"end":{"line":52,"column":12}},"52":{"start":{"line":53,"column":0},"end":{"line":53,"column":0}},"53":{"start":{"line":54,"column":0},"end":{"line":54,"column":11}},"54":{"start":{"line":55,"column":0},"end":{"line":55,"column":23}},"55":{"start":{"line":56,"column":0},"end":{"line":56,"column":207}},"56":{"start":{"line":57,"column":0},"end":{"line":57,"column":7}},"57":{"start":{"line":58,"column":0},"end":{"line":58,"column":53}},"58":{"start":{"line":59,"column":0},"end":{"line":59,"column":17}},"59":{"start":{"line":60,"column":0},"end":{"line":60,"column":13}},"60":{"start":{"line":61,"column":0},"end":{"line":61,"column":10}},"61":{"start":{"line":62,"column":0},"end":{"line":62,"column":4}},"62":{"start":{"line":63,"column":0},"end":{"line":63,"column":1}}},"s":{"0":1,"1":1,"2":1,"3":1,"4":1,"5":1,"6":25,"7":25,"8":25,"9":25,"10":25,"11":4,"12":2,"13":2,"14":2,"15":2,"16":2,"17":2,"18":2,"19":4,"20":25,"21":25,"22":18,"23":2,"24":2,"25":18,"26":25,"27":25,"28":25,"29":25,"30":25,"31":25,"32":25,"33":25,"34":25,"35":25,"36":25,"37":25,"38":25,"39":25,"40":25,"41":25,"42":25,"43":25,"44":25,"45":25,"46":25,"47":25,"48":25,"49":25,"50":25,"51":25,"52":25,"53":25,"54":25,"55":25,"56":25,"57":25,"58":25,"59":25,"60":25,"61":25,"62":25},"branchMap":{"0":{"type":"branch","line":6,"loc":{"start":{"line":6,"column":7},"end":{"line":63,"column":1}},"locations":[{"start":{"line":6,"column":7},"end":{"line":63,"column":1}}]},"1":{"type":"branch","line":11,"loc":{"start":{"line":11,"column":2},"end":{"line":20,"column":3}},"locations":[{"start":{"line":11,"column":2},"end":{"line":20,"column":3}}]},"2":{"type":"branch","line":12,"loc":{"start":{"line":12,"column":28},"end":{"line":19,"column":39}},"locations":[{"start":{"line":12,"column":28},"end":{"line":19,"column":39}}]},"3":{"type":"branch","line":22,"loc":{"start":{"line":22,"column":2},"end":{"line":26,"column":3}},"locations":[{"start":{"line":22,"column":2},"end":{"line":26,"column":3}}]},"4":{"type":"branch","line":23,"loc":{"start":{"line":23,"column":31},"end":{"line":25,"column":5}},"locations":[{"start":{"line":23,"column":31},"end":{"line":25,"column":5}}]},"5":{"type":"branch","line":37,"loc":{"start":{"line":37,"column":22},"end":{"line":37,"column":67}},"locations":[{"start":{"line":37,"column":22},"end":{"line":37,"column":67}}]}},"b":{"0":[25],"1":[4],"2":[2],"3":[18],"4":[2],"5":[16]},"fnMap":{"0":{"name":"Header","decl":{"start":{"line":6,"column":7},"end":{"line":63,"column":1}},"loc":{"start":{"line":6,"column":7},"end":{"line":63,"column":1}},"line":6},"1":{"name":"handleSearch","decl":{"start":{"line":11,"column":2},"end":{"line":20,"column":3}},"loc":{"start":{"line":11,"column":2},"end":{"line":20,"column":3}},"line":11},"2":{"name":"handleButtonKeyDown","decl":{"start":{"line":22,"column":2},"end":{"line":26,"column":3}},"loc":{"start":{"line":22,"column":2},"end":{"line":26,"column":3}},"line":22},"3":{"name":"onChange","decl":{"start":{"line":37,"column":22},"end":{"line":37,"column":67}},"loc":{"start":{"line":37,"column":22},"end":{"line":37,"column":67}},"line":37}},"f":{"0":25,"1":4,"2":18,"3":16}}
,"/home/john/Studies/React/casarcom-frontend-technical-test/src/components/Loading.tsx": {"path":"/home/john/Studies/React/casarcom-frontend-technical-test/src/components/Loading.tsx","all":false,"statementMap":{"0":{"start":{"line":1,"column":0},"end":{"line":1,"column":13}},"1":{"start":{"line":2,"column":0},"end":{"line":2,"column":0}},"2":{"start":{"line":3,"column":0},"end":{"line":3,"column":48}},"3":{"start":{"line":4,"column":0},"end":{"line":4,"column":0}},"4":{"start":{"line":5,"column":0},"end":{"line":5,"column":27}},"5":{"start":{"line":6,"column":0},"end":{"line":6,"column":37}},"6":{"start":{"line":7,"column":0},"end":{"line":7,"column":0}},"7":{"start":{"line":8,"column":0},"end":{"line":8,"column":18}},"8":{"start":{"line":9,"column":0},"end":{"line":9,"column":12}},"9":{"start":{"line":10,"column":0},"end":{"line":10,"column":10}},"10":{"start":{"line":11,"column":0},"end":{"line":11,"column":29}},"11":{"start":{"line":12,"column":0},"end":{"line":12,"column":113}},"12":{"start":{"line":13,"column":0},"end":{"line":13,"column":7}},"13":{"start":{"line":14,"column":0},"end":{"line":14,"column":113}},"14":{"start":{"line":15,"column":0},"end":{"line":15,"column":113}},"15":{"start":{"line":16,"column":0},"end":{"line":16,"column":14}},"16":{"start":{"line":17,"column":0},"end":{"line":17,"column":12}},"17":{"start":{"line":18,"column":0},"end":{"line":18,"column":6}},"18":{"start":{"line":19,"column":0},"end":{"line":19,"column":10}},"19":{"start":{"line":20,"column":0},"end":{"line":20,"column":17}},"20":{"start":{"line":21,"column":0},"end":{"line":21,"column":3}},"21":{"start":{"line":22,"column":0},"end":{"line":22,"column":1}}},"s":{"0":1,"1":1,"2":1,"3":1,"4":1,"5":2,"6":2,"7":2,"8":1,"9":1,"10":1,"11":1,"12":1,"13":1,"14":1,"15":1,"16":1,"17":1,"18":1,"19":1,"20":1,"21":2},"branchMap":{"0":{"type":"branch","line":5,"loc":{"start":{"line":5,"column":7},"end":{"line":22,"column":1}},"locations":[{"start":{"line":5,"column":7},"end":{"line":22,"column":1}}]},"1":{"type":"branch","line":8,"loc":{"start":{"line":8,"column":17},"end":{"line":21,"column":3}},"locations":[{"start":{"line":8,"column":17},"end":{"line":21,"column":3}}]}},"b":{"0":[2],"1":[1]},"fnMap":{"0":{"name":"Loading","decl":{"start":{"line":5,"column":7},"end":{"line":22,"column":1}},"loc":{"start":{"line":5,"column":7},"end":{"line":22,"column":1}},"line":5}},"f":{"0":2}}
,"/home/john/Studies/React/casarcom-frontend-technical-test/src/components/Repository/index.tsx": {"path":"/home/john/Studies/React/casarcom-frontend-technical-test/src/components/Repository/index.tsx","all":false,"statementMap":{"0":{"start":{"line":1,"column":0},"end":{"line":1,"column":44}},"1":{"start":{"line":2,"column":0},"end":{"line":2,"column":54}},"2":{"start":{"line":3,"column":0},"end":{"line":3,"column":47}},"3":{"start":{"line":4,"column":0},"end":{"line":4,"column":39}},"4":{"start":{"line":5,"column":0},"end":{"line":5,"column":0}},"5":{"start":{"line":6,"column":0},"end":{"line":6,"column":50}},"6":{"start":{"line":7,"column":0},"end":{"line":7,"column":49}},"7":{"start":{"line":8,"column":0},"end":{"line":8,"column":0}},"8":{"start":{"line":9,"column":0},"end":{"line":9,"column":48}},"9":{"start":{"line":10,"column":0},"end":{"line":10,"column":0}},"10":{"start":{"line":11,"column":0},"end":{"line":11,"column":27}},"11":{"start":{"line":12,"column":0},"end":{"line":12,"column":26}},"12":{"start":{"line":13,"column":0},"end":{"line":13,"column":26}},"13":{"start":{"line":14,"column":0},"end":{"line":14,"column":1}},"14":{"start":{"line":15,"column":0},"end":{"line":15,"column":0}},"15":{"start":{"line":16,"column":0},"end":{"line":16,"column":28}},"16":{"start":{"line":17,"column":0},"end":{"line":17,"column":13}},"17":{"start":{"line":18,"column":0},"end":{"line":18,"column":24}},"18":{"start":{"line":19,"column":0},"end":{"line":19,"column":21}},"19":{"start":{"line":20,"column":0},"end":{"line":20,"column":66}},"20":{"start":{"line":21,"column":0},"end":{"line":21,"column":71}},"21":{"start":{"line":22,"column":0},"end":{"line":22,"column":67}},"22":{"start":{"line":23,"column":0},"end":{"line":23,"column":33}},"23":{"start":{"line":24,"column":0},"end":{"line":24,"column":0}},"24":{"start":{"line":25,"column":0},"end":{"line":25,"column":19}},"25":{"start":{"line":26,"column":0},"end":{"line":26,"column":45}},"26":{"start":{"line":27,"column":0},"end":{"line":27,"column":30}},"27":{"start":{"line":28,"column":0},"end":{"line":28,"column":0}},"28":{"start":{"line":29,"column":0},"end":{"line":29,"column":35}},"29":{"start":{"line":30,"column":0},"end":{"line":30,"column":44}},"30":{"start":{"line":31,"column":0},"end":{"line":31,"column":39}},"31":{"start":{"line":32,"column":0},"end":{"line":32,"column":0}},"32":{"start":{"line":33,"column":0},"end":{"line":33,"column":15}},"33":{"start":{"line":34,"column":0},"end":{"line":34,"column":9}},"34":{"start":{"line":35,"column":0},"end":{"line":35,"column":65}},"35":{"start":{"line":36,"column":0},"end":{"line":36,"column":11}},"36":{"start":{"line":37,"column":0},"end":{"line":37,"column":7}},"37":{"start":{"line":38,"column":0},"end":{"line":38,"column":33}},"38":{"start":{"line":39,"column":0},"end":{"line":39,"column":8}},"39":{"start":{"line":40,"column":0},"end":{"line":40,"column":6}},"40":{"start":{"line":41,"column":0},"end":{"line":41,"column":3}},"41":{"start":{"line":42,"column":0},"end":{"line":42,"column":0}},"42":{"start":{"line":43,"column":0},"end":{"line":43,"column":32}},"43":{"start":{"line":44,"column":0},"end":{"line":44,"column":24}},"44":{"start":{"line":45,"column":0},"end":{"line":45,"column":11}},"45":{"start":{"line":46,"column":0},"end":{"line":46,"column":18}},"46":{"start":{"line":47,"column":0},"end":{"line":47,"column":15}},"47":{"start":{"line":48,"column":0},"end":{"line":48,"column":16}},"48":{"start":{"line":49,"column":0},"end":{"line":49,"column":14}},"49":{"start":{"line":50,"column":0},"end":{"line":50,"column":27}},"50":{"start":{"line":51,"column":0},"end":{"line":51,"column":35}},"51":{"start":{"line":52,"column":0},"end":{"line":52,"column":8}},"52":{"start":{"line":53,"column":0},"end":{"line":53,"column":23}},"53":{"start":{"line":54,"column":0},"end":{"line":54,"column":6}},"54":{"start":{"line":55,"column":0},"end":{"line":55,"column":0}},"55":{"start":{"line":56,"column":0},"end":{"line":56,"column":39}},"56":{"start":{"line":57,"column":0},"end":{"line":57,"column":33}},"57":{"start":{"line":58,"column":0},"end":{"line":58,"column":0}},"58":{"start":{"line":59,"column":0},"end":{"line":59,"column":18}},"59":{"start":{"line":60,"column":0},"end":{"line":60,"column":9}},"60":{"start":{"line":61,"column":0},"end":{"line":61,"column":67}},"61":{"start":{"line":62,"column":0},"end":{"line":62,"column":11}},"62":{"start":{"line":63,"column":0},"end":{"line":63,"column":7}},"63":{"start":{"line":64,"column":0},"end":{"line":64,"column":33}},"64":{"start":{"line":65,"column":0},"end":{"line":65,"column":8}},"65":{"start":{"line":66,"column":0},"end":{"line":66,"column":6}},"66":{"start":{"line":67,"column":0},"end":{"line":67,"column":3}},"67":{"start":{"line":68,"column":0},"end":{"line":68,"column":0}},"68":{"start":{"line":69,"column":0},"end":{"line":69,"column":46}},"69":{"start":{"line":70,"column":0},"end":{"line":70,"column":34}},"70":{"start":{"line":71,"column":0},"end":{"line":71,"column":3}},"71":{"start":{"line":72,"column":0},"end":{"line":72,"column":0}},"72":{"start":{"line":73,"column":0},"end":{"line":73,"column":10}},"73":{"start":{"line":74,"column":0},"end":{"line":74,"column":104}},"74":{"start":{"line":75,"column":0},"end":{"line":75,"column":34}},"75":{"start":{"line":76,"column":0},"end":{"line":76,"column":27}},"76":{"start":{"line":77,"column":0},"end":{"line":77,"column":14}},"77":{"start":{"line":78,"column":0},"end":{"line":78,"column":43}},"78":{"start":{"line":79,"column":0},"end":{"line":79,"column":34}},"79":{"start":{"line":80,"column":0},"end":{"line":80,"column":43}},"80":{"start":{"line":81,"column":0},"end":{"line":81,"column":68}},"81":{"start":{"line":82,"column":0},"end":{"line":82,"column":53}},"82":{"start":{"line":83,"column":0},"end":{"line":83,"column":12}},"83":{"start":{"line":84,"column":0},"end":{"line":84,"column":10}},"84":{"start":{"line":85,"column":0},"end":{"line":85,"column":0}},"85":{"start":{"line":86,"column":0},"end":{"line":86,"column":72}},"86":{"start":{"line":87,"column":0},"end":{"line":87,"column":16}},"87":{"start":{"line":88,"column":0},"end":{"line":88,"column":13}},"88":{"start":{"line":89,"column":0},"end":{"line":89,"column":0}},"89":{"start":{"line":90,"column":0},"end":{"line":90,"column":27}},"90":{"start":{"line":91,"column":0},"end":{"line":91,"column":17}},"91":{"start":{"line":92,"column":0},"end":{"line":92,"column":41}},"92":{"start":{"line":93,"column":0},"end":{"line":93,"column":42}},"93":{"start":{"line":94,"column":0},"end":{"line":94,"column":236}},"94":{"start":{"line":95,"column":0},"end":{"line":95,"column":11}},"95":{"start":{"line":96,"column":0},"end":{"line":96,"column":20}},"96":{"start":{"line":97,"column":0},"end":{"line":97,"column":77}},"97":{"start":{"line":98,"column":0},"end":{"line":98,"column":23}},"98":{"start":{"line":99,"column":0},"end":{"line":99,"column":14}},"99":{"start":{"line":100,"column":0},"end":{"line":100,"column":19}},"100":{"start":{"line":101,"column":0},"end":{"line":101,"column":13}},"101":{"start":{"line":102,"column":0},"end":{"line":102,"column":17}},"102":{"start":{"line":103,"column":0},"end":{"line":103,"column":38}},"103":{"start":{"line":104,"column":0},"end":{"line":104,"column":39}},"104":{"start":{"line":105,"column":0},"end":{"line":105,"column":268}},"105":{"start":{"line":106,"column":0},"end":{"line":106,"column":11}},"106":{"start":{"line":107,"column":0},"end":{"line":107,"column":23}},"107":{"start":{"line":108,"column":0},"end":{"line":108,"column":71}},"108":{"start":{"line":109,"column":0},"end":{"line":109,"column":23}},"109":{"start":{"line":110,"column":0},"end":{"line":110,"column":14}},"110":{"start":{"line":111,"column":0},"end":{"line":111,"column":19}},"111":{"start":{"line":112,"column":0},"end":{"line":112,"column":10}},"112":{"start":{"line":113,"column":0},"end":{"line":113,"column":12}},"113":{"start":{"line":114,"column":0},"end":{"line":114,"column":0}},"114":{"start":{"line":115,"column":0},"end":{"line":115,"column":77}},"115":{"start":{"line":116,"column":0},"end":{"line":116,"column":21}},"116":{"start":{"line":117,"column":0},"end":{"line":117,"column":10}},"117":{"start":{"line":118,"column":0},"end":{"line":118,"column":0}},"118":{"start":{"line":119,"column":0},"end":{"line":119,"column":34}},"119":{"start":{"line":120,"column":0},"end":{"line":120,"column":45}},"120":{"start":{"line":121,"column":0},"end":{"line":121,"column":0}},"121":{"start":{"line":122,"column":0},"end":{"line":122,"column":61}},"122":{"start":{"line":123,"column":0},"end":{"line":123,"column":35}},"123":{"start":{"line":124,"column":0},"end":{"line":124,"column":12}},"124":{"start":{"line":125,"column":0},"end":{"line":125,"column":12}},"125":{"start":{"line":126,"column":0},"end":{"line":126,"column":10}},"126":{"start":{"line":127,"column":0},"end":{"line":127,"column":4}},"127":{"start":{"line":128,"column":0},"end":{"line":128,"column":1}}},"s":{"0":1,"1":1,"2":1,"3":1,"4":1,"5":1,"6":1,"7":1,"8":1,"9":1,"10":1,"11":1,"12":1,"13":1,"14":1,"15":1,"16":12,"17":12,"18":12,"19":12,"20":12,"21":12,"22":12,"23":12,"24":12,"25":5,"26":12,"27":12,"28":12,"29":1,"30":1,"31":1,"32":1,"33":1,"34":1,"35":1,"36":1,"37":1,"38":1,"39":1,"40":1,"41":12,"42":12,"43":1,"44":1,"45":1,"46":1,"47":1,"48":1,"49":1,"50":1,"51":1,"52":1,"53":1,"54":1,"55":1,"56":1,"57":1,"58":1,"59":1,"60":1,"61":1,"62":1,"63":1,"64":1,"65":1,"66":1,"67":12,"68":12,"69":1,"70":1,"71":12,"72":12,"73":12,"74":12,"75":12,"76":4,"77":4,"78":4,"79":4,"80":4,"81":4,"82":4,"83":12,"84":12,"85":12,"86":12,"87":12,"88":12,"89":12,"90":2,"91":2,"92":2,"93":2,"94":2,"95":2,"96":2,"97":2,"98":2,"99":2,"100":10,"101":10,"102":10,"103":10,"104":10,"105":10,"106":10,"107":10,"108":10,"109":10,"110":10,"111":12,"112":12,"113":12,"114":12,"115":12,"116":12,"117":12,"118":12,"119":12,"120":12,"121":12,"122":12,"123":12,"124":12,"125":12,"126":12,"127":12},"branchMap":{"0":{"type":"branch","line":16,"loc":{"start":{"line":16,"column":7},"end":{"line":128,"column":1}},"locations":[{"start":{"line":16,"column":7},"end":{"line":128,"column":1}}]},"1":{"type":"branch","line":76,"loc":{"start":{"line":76,"column":9},"end":{"line":83,"column":12}},"locations":[{"start":{"line":76,"column":9},"end":{"line":83,"column":12}}]},"2":{"type":"branch","line":90,"loc":{"start":{"line":90,"column":9},"end":{"line":100,"column":19}},"locations":[{"start":{"line":90,"column":9},"end":{"line":100,"column":19}}]},"3":{"type":"branch","line":100,"loc":{"start":{"line":100,"column":10},"end":{"line":111,"column":19}},"locations":[{"start":{"line":100,"column":10},"end":{"line":111,"column":19}}]},"4":{"type":"branch","line":25,"loc":{"start":{"line":25,"column":12},"end":{"line":27,"column":5}},"locations":[{"start":{"line":25,"column":12},"end":{"line":27,"column":5}}]},"5":{"type":"branch","line":29,"loc":{"start":{"line":29,"column":2},"end":{"line":41,"column":3}},"locations":[{"start":{"line":29,"column":2},"end":{"line":41,"column":3}}]},"6":{"type":"branch","line":31,"loc":{"start":{"line":31,"column":22},"end":{"line":31,"column":37}},"locations":[{"start":{"line":31,"column":22},"end":{"line":31,"column":37}}]},"7":{"type":"branch","line":43,"loc":{"start":{"line":43,"column":2},"end":{"line":67,"column":3}},"locations":[{"start":{"line":43,"column":2},"end":{"line":67,"column":3}}]},"8":{"type":"branch","line":56,"loc":{"start":{"line":56,"column":22},"end":{"line":56,"column":37}},"locations":[{"start":{"line":56,"column":22},"end":{"line":56,"column":37}}]},"9":{"type":"branch","line":69,"loc":{"start":{"line":69,"column":2},"end":{"line":71,"column":3}},"locations":[{"start":{"line":69,"column":2},"end":{"line":71,"column":3}}]},"10":{"type":"branch","line":82,"loc":{"start":{"line":82,"column":21},"end":{"line":82,"column":53}},"locations":[{"start":{"line":82,"column":21},"end":{"line":82,"column":53}}]}},"b":{"0":[12],"1":[4],"2":[2],"3":[10],"4":[5],"5":[1],"6":[1],"7":[1],"8":[1],"9":[1],"10":[1]},"fnMap":{"0":{"name":"Repository","decl":{"start":{"line":16,"column":7},"end":{"line":128,"column":1}},"loc":{"start":{"line":16,"column":7},"end":{"line":128,"column":1}},"line":16},"1":{"name":"handleRemoveFavorite","decl":{"start":{"line":29,"column":2},"end":{"line":41,"column":3}},"loc":{"start":{"line":29,"column":2},"end":{"line":41,"column":3}},"line":29},"2":{"name":"handleAddFavorite","decl":{"start":{"line":43,"column":2},"end":{"line":67,"column":3}},"loc":{"start":{"line":43,"column":2},"end":{"line":67,"column":3}},"line":43},"3":{"name":"handleAvatar","decl":{"start":{"line":69,"column":2},"end":{"line":71,"column":3}},"loc":{"start":{"line":69,"column":2},"end":{"line":71,"column":3}},"line":69},"4":{"name":"onClick","decl":{"start":{"line":82,"column":21},"end":{"line":82,"column":53}},"loc":{"start":{"line":82,"column":21},"end":{"line":82,"column":53}},"line":82}},"f":{"0":12,"1":1,"2":1,"3":1,"4":1}}
,"/home/john/Studies/React/casarcom-frontend-technical-test/src/components/Repository/LanguageBadge/githubBadges.ts": {"path":"/home/john/Studies/React/casarcom-frontend-technical-test/src/components/Repository/LanguageBadge/githubBadges.ts","all":false,"statementMap":{"0":{"start":{"line":1,"column":0},"end":{"line":1,"column":29}},"1":{"start":{"line":2,"column":0},"end":{"line":2,"column":29}},"2":{"start":{"line":3,"column":0},"end":{"line":3,"column":35}},"3":{"start":{"line":4,"column":0},"end":{"line":4,"column":18}},"4":{"start":{"line":5,"column":0},"end":{"line":5,"column":18}},"5":{"start":{"line":6,"column":0},"end":{"line":6,"column":24}},"6":{"start":{"line":7,"column":0},"end":{"line":7,"column":26}},"7":{"start":{"line":8,"column":0},"end":{"line":8,"column":17}},"8":{"start":{"line":9,"column":0},"end":{"line":9,"column":35}},"9":{"start":{"line":10,"column":0},"end":{"line":10,"column":34}},"10":{"start":{"line":11,"column":0},"end":{"line":11,"column":18}},"11":{"start":{"line":12,"column":0},"end":{"line":12,"column":26}},"12":{"start":{"line":13,"column":0},"end":{"line":13,"column":18}},"13":{"start":{"line":14,"column":0},"end":{"line":14,"column":16}},"14":{"start":{"line":15,"column":0},"end":{"line":15,"column":19}},"15":{"start":{"line":16,"column":0},"end":{"line":16,"column":29}},"16":{"start":{"line":17,"column":0},"end":{"line":17,"column":31}},"17":{"start":{"line":18,"column":0},"end":{"line":18,"column":18}},"18":{"start":{"line":19,"column":0},"end":{"line":19,"column":25}},"19":{"start":{"line":20,"column":0},"end":{"line":20,"column":32}},"20":{"start":{"line":21,"column":0},"end":{"line":21,"column":21}},"21":{"start":{"line":22,"column":0},"end":{"line":22,"column":19}},"22":{"start":{"line":23,"column":0},"end":{"line":23,"column":24}},"23":{"start":{"line":24,"column":0},"end":{"line":24,"column":18}},"24":{"start":{"line":25,"column":0},"end":{"line":25,"column":29}},"25":{"start":{"line":26,"column":0},"end":{"line":26,"column":17}},"26":{"start":{"line":27,"column":0},"end":{"line":27,"column":40}},"27":{"start":{"line":28,"column":0},"end":{"line":28,"column":25}},"28":{"start":{"line":29,"column":0},"end":{"line":29,"column":17}},"29":{"start":{"line":30,"column":0},"end":{"line":30,"column":22}},"30":{"start":{"line":31,"column":0},"end":{"line":31,"column":12}},"31":{"start":{"line":32,"column":0},"end":{"line":32,"column":23}},"32":{"start":{"line":33,"column":0},"end":{"line":33,"column":21}},"33":{"start":{"line":34,"column":0},"end":{"line":34,"column":22}},"34":{"start":{"line":35,"column":0},"end":{"line":35,"column":19}},"35":{"start":{"line":36,"column":0},"end":{"line":36,"column":23}},"36":{"start":{"line":37,"column":0},"end":{"line":37,"column":17}},"37":{"start":{"line":38,"column":0},"end":{"line":38,"column":20}},"38":{"start":{"line":39,"column":0},"end":{"line":39,"column":24}},"39":{"start":{"line":40,"column":0},"end":{"line":40,"column":20}},"40":{"start":{"line":41,"column":0},"end":{"line":41,"column":24}},"41":{"start":{"line":42,"column":0},"end":{"line":42,"column":17}},"42":{"start":{"line":43,"column":0},"end":{"line":43,"column":23}},"43":{"start":{"line":44,"column":0},"end":{"line":44,"column":19}},"44":{"start":{"line":45,"column":0},"end":{"line":45,"column":23}},"45":{"start":{"line":46,"column":0},"end":{"line":46,"column":18}},"46":{"start":{"line":47,"column":0},"end":{"line":47,"column":16}},"47":{"start":{"line":48,"column":0},"end":{"line":48,"column":19}},"48":{"start":{"line":49,"column":0},"end":{"line":49,"column":20}},"49":{"start":{"line":50,"column":0},"end":{"line":50,"column":19}},"50":{"start":{"line":51,"column":0},"end":{"line":51,"column":22}},"51":{"start":{"line":52,"column":0},"end":{"line":52,"column":19}},"52":{"start":{"line":53,"column":0},"end":{"line":53,"column":21}},"53":{"start":{"line":54,"column":0},"end":{"line":54,"column":19}},"54":{"start":{"line":55,"column":0},"end":{"line":55,"column":24}},"55":{"start":{"line":56,"column":0},"end":{"line":56,"column":22}},"56":{"start":{"line":57,"column":0},"end":{"line":57,"column":22}},"57":{"start":{"line":58,"column":0},"end":{"line":58,"column":27}},"58":{"start":{"line":59,"column":0},"end":{"line":59,"column":17}},"59":{"start":{"line":60,"column":0},"end":{"line":60,"column":20}},"60":{"start":{"line":61,"column":0},"end":{"line":61,"column":23}},"61":{"start":{"line":62,"column":0},"end":{"line":62,"column":28}},"62":{"start":{"line":63,"column":0},"end":{"line":63,"column":26}},"63":{"start":{"line":64,"column":0},"end":{"line":64,"column":26}},"64":{"start":{"line":65,"column":0},"end":{"line":65,"column":15}},"65":{"start":{"line":66,"column":0},"end":{"line":66,"column":18}},"66":{"start":{"line":67,"column":0},"end":{"line":67,"column":19}},"67":{"start":{"line":68,"column":0},"end":{"line":68,"column":23}},"68":{"start":{"line":69,"column":0},"end":{"line":69,"column":28}},"69":{"start":{"line":70,"column":0},"end":{"line":70,"column":21}},"70":{"start":{"line":71,"column":0},"end":{"line":71,"column":19}},"71":{"start":{"line":72,"column":0},"end":{"line":72,"column":22}},"72":{"start":{"line":73,"column":0},"end":{"line":73,"column":23}},"73":{"start":{"line":74,"column":0},"end":{"line":74,"column":27}},"74":{"start":{"line":75,"column":0},"end":{"line":75,"column":17}},"75":{"start":{"line":76,"column":0},"end":{"line":76,"column":20}},"76":{"start":{"line":77,"column":0},"end":{"line":77,"column":20}},"77":{"start":{"line":78,"column":0},"end":{"line":78,"column":16}},"78":{"start":{"line":79,"column":0},"end":{"line":79,"column":19}},"79":{"start":{"line":80,"column":0},"end":{"line":80,"column":20}},"80":{"start":{"line":81,"column":0},"end":{"line":81,"column":19}},"81":{"start":{"line":82,"column":0},"end":{"line":82,"column":21}},"82":{"start":{"line":83,"column":0},"end":{"line":83,"column":21}},"83":{"start":{"line":84,"column":0},"end":{"line":84,"column":27}},"84":{"start":{"line":85,"column":0},"end":{"line":85,"column":19}},"85":{"start":{"line":86,"column":0},"end":{"line":86,"column":19}},"86":{"start":{"line":87,"column":0},"end":{"line":87,"column":19}},"87":{"start":{"line":88,"column":0},"end":{"line":88,"column":21}},"88":{"start":{"line":89,"column":0},"end":{"line":89,"column":33}},"89":{"start":{"line":90,"column":0},"end":{"line":90,"column":46}},"90":{"start":{"line":91,"column":0},"end":{"line":91,"column":19}},"91":{"start":{"line":92,"column":0},"end":{"line":92,"column":14}},"92":{"start":{"line":93,"column":0},"end":{"line":93,"column":20}},"93":{"start":{"line":94,"column":0},"end":{"line":94,"column":26}},"94":{"start":{"line":95,"column":0},"end":{"line":95,"column":24}},"95":{"start":{"line":96,"column":0},"end":{"line":96,"column":30}},"96":{"start":{"line":97,"column":0},"end":{"line":97,"column":21}},"97":{"start":{"line":98,"column":0},"end":{"line":98,"column":27}},"98":{"start":{"line":99,"column":0},"end":{"line":99,"column":40}},"99":{"start":{"line":100,"column":0},"end":{"line":100,"column":32}},"100":{"start":{"line":101,"column":0},"end":{"line":101,"column":13}},"101":{"start":{"line":102,"column":0},"end":{"line":102,"column":17}},"102":{"start":{"line":103,"column":0},"end":{"line":103,"column":21}},"103":{"start":{"line":104,"column":0},"end":{"line":104,"column":18}},"104":{"start":{"line":105,"column":0},"end":{"line":105,"column":20}},"105":{"start":{"line":106,"column":0},"end":{"line":106,"column":31}},"106":{"start":{"line":107,"column":0},"end":{"line":107,"column":28}},"107":{"start":{"line":108,"column":0},"end":{"line":108,"column":17}},"108":{"start":{"line":109,"column":0},"end":{"line":109,"column":17}},"109":{"start":{"line":110,"column":0},"end":{"line":110,"column":18}},"110":{"start":{"line":111,"column":0},"end":{"line":111,"column":17}},"111":{"start":{"line":112,"column":0},"end":{"line":112,"column":19}},"112":{"start":{"line":113,"column":0},"end":{"line":113,"column":18}},"113":{"start":{"line":114,"column":0},"end":{"line":114,"column":16}},"114":{"start":{"line":115,"column":0},"end":{"line":115,"column":20}},"115":{"start":{"line":116,"column":0},"end":{"line":116,"column":20}},"116":{"start":{"line":117,"column":0},"end":{"line":117,"column":15}},"117":{"start":{"line":118,"column":0},"end":{"line":118,"column":16}},"118":{"start":{"line":119,"column":0},"end":{"line":119,"column":19}},"119":{"start":{"line":120,"column":0},"end":{"line":120,"column":27}},"120":{"start":{"line":121,"column":0},"end":{"line":121,"column":18}},"121":{"start":{"line":122,"column":0},"end":{"line":122,"column":23}},"122":{"start":{"line":123,"column":0},"end":{"line":123,"column":43}},"123":{"start":{"line":124,"column":0},"end":{"line":124,"column":27}},"124":{"start":{"line":125,"column":0},"end":{"line":125,"column":19}},"125":{"start":{"line":126,"column":0},"end":{"line":126,"column":35}},"126":{"start":{"line":127,"column":0},"end":{"line":127,"column":31}},"127":{"start":{"line":128,"column":0},"end":{"line":128,"column":16}},"128":{"start":{"line":129,"column":0},"end":{"line":129,"column":24}},"129":{"start":{"line":130,"column":0},"end":{"line":130,"column":24}},"130":{"start":{"line":131,"column":0},"end":{"line":131,"column":20}},"131":{"start":{"line":132,"column":0},"end":{"line":132,"column":15}},"132":{"start":{"line":133,"column":0},"end":{"line":133,"column":19}},"133":{"start":{"line":134,"column":0},"end":{"line":134,"column":15}},"134":{"start":{"line":135,"column":0},"end":{"line":135,"column":21}},"135":{"start":{"line":136,"column":0},"end":{"line":136,"column":23}},"136":{"start":{"line":137,"column":0},"end":{"line":137,"column":16}},"137":{"start":{"line":138,"column":0},"end":{"line":138,"column":30}},"138":{"start":{"line":139,"column":0},"end":{"line":139,"column":17}},"139":{"start":{"line":140,"column":0},"end":{"line":140,"column":21}},"140":{"start":{"line":141,"column":0},"end":{"line":141,"column":22}},"141":{"start":{"line":142,"column":0},"end":{"line":142,"column":20}},"142":{"start":{"line":143,"column":0},"end":{"line":143,"column":26}},"143":{"start":{"line":144,"column":0},"end":{"line":144,"column":20}},"144":{"start":{"line":145,"column":0},"end":{"line":145,"column":17}},"145":{"start":{"line":146,"column":0},"end":{"line":146,"column":20}},"146":{"start":{"line":147,"column":0},"end":{"line":147,"column":17}},"147":{"start":{"line":148,"column":0},"end":{"line":148,"column":20}},"148":{"start":{"line":149,"column":0},"end":{"line":149,"column":33}},"149":{"start":{"line":150,"column":0},"end":{"line":150,"column":26}},"150":{"start":{"line":151,"column":0},"end":{"line":151,"column":25}},"151":{"start":{"line":152,"column":0},"end":{"line":152,"column":16}},"152":{"start":{"line":153,"column":0},"end":{"line":153,"column":20}},"153":{"start":{"line":154,"column":0},"end":{"line":154,"column":22}},"154":{"start":{"line":155,"column":0},"end":{"line":155,"column":18}},"155":{"start":{"line":156,"column":0},"end":{"line":156,"column":18}},"156":{"start":{"line":157,"column":0},"end":{"line":157,"column":20}},"157":{"start":{"line":158,"column":0},"end":{"line":158,"column":19}},"158":{"start":{"line":159,"column":0},"end":{"line":159,"column":20}},"159":{"start":{"line":160,"column":0},"end":{"line":160,"column":19}},"160":{"start":{"line":161,"column":0},"end":{"line":161,"column":20}},"161":{"start":{"line":162,"column":0},"end":{"line":162,"column":27}},"162":{"start":{"line":163,"column":0},"end":{"line":163,"column":29}},"163":{"start":{"line":164,"column":0},"end":{"line":164,"column":21}},"164":{"start":{"line":165,"column":0},"end":{"line":165,"column":18}},"165":{"start":{"line":166,"column":0},"end":{"line":166,"column":20}},"166":{"start":{"line":167,"column":0},"end":{"line":167,"column":18}},"167":{"start":{"line":168,"column":0},"end":{"line":168,"column":19}},"168":{"start":{"line":169,"column":0},"end":{"line":169,"column":21}},"169":{"start":{"line":170,"column":0},"end":{"line":170,"column":33}},"170":{"start":{"line":171,"column":0},"end":{"line":171,"column":23}},"171":{"start":{"line":172,"column":0},"end":{"line":172,"column":24}},"172":{"start":{"line":173,"column":0},"end":{"line":173,"column":19}},"173":{"start":{"line":174,"column":0},"end":{"line":174,"column":21}},"174":{"start":{"line":175,"column":0},"end":{"line":175,"column":22}},"175":{"start":{"line":176,"column":0},"end":{"line":176,"column":35}},"176":{"start":{"line":177,"column":0},"end":{"line":177,"column":18}},"177":{"start":{"line":178,"column":0},"end":{"line":178,"column":18}},"178":{"start":{"line":179,"column":0},"end":{"line":179,"column":17}},"179":{"start":{"line":180,"column":0},"end":{"line":180,"column":39}},"180":{"start":{"line":181,"column":0},"end":{"line":181,"column":12}},"181":{"start":{"line":182,"column":0},"end":{"line":182,"column":22}},"182":{"start":{"line":183,"column":0},"end":{"line":183,"column":20}},"183":{"start":{"line":184,"column":0},"end":{"line":184,"column":28}},"184":{"start":{"line":185,"column":0},"end":{"line":185,"column":20}},"185":{"start":{"line":186,"column":0},"end":{"line":186,"column":26}},"186":{"start":{"line":187,"column":0},"end":{"line":187,"column":26}},"187":{"start":{"line":188,"column":0},"end":{"line":188,"column":19}},"188":{"start":{"line":189,"column":0},"end":{"line":189,"column":20}},"189":{"start":{"line":190,"column":0},"end":{"line":190,"column":29}},"190":{"start":{"line":191,"column":0},"end":{"line":191,"column":29}},"191":{"start":{"line":192,"column":0},"end":{"line":192,"column":28}},"192":{"start":{"line":193,"column":0},"end":{"line":193,"column":21}},"193":{"start":{"line":194,"column":0},"end":{"line":194,"column":30}},"194":{"start":{"line":195,"column":0},"end":{"line":195,"column":26}},"195":{"start":{"line":196,"column":0},"end":{"line":196,"column":33}},"196":{"start":{"line":197,"column":0},"end":{"line":197,"column":19}},"197":{"start":{"line":198,"column":0},"end":{"line":198,"column":26}},"198":{"start":{"line":199,"column":0},"end":{"line":199,"column":18}},"199":{"start":{"line":200,"column":0},"end":{"line":200,"column":19}},"200":{"start":{"line":201,"column":0},"end":{"line":201,"column":21}},"201":{"start":{"line":202,"column":0},"end":{"line":202,"column":16}},"202":{"start":{"line":203,"column":0},"end":{"line":203,"column":28}},"203":{"start":{"line":204,"column":0},"end":{"line":204,"column":25}},"204":{"start":{"line":205,"column":0},"end":{"line":205,"column":28}},"205":{"start":{"line":206,"column":0},"end":{"line":206,"column":30}},"206":{"start":{"line":207,"column":0},"end":{"line":207,"column":18}},"207":{"start":{"line":208,"column":0},"end":{"line":208,"column":18}},"208":{"start":{"line":209,"column":0},"end":{"line":209,"column":19}},"209":{"start":{"line":210,"column":0},"end":{"line":210,"column":20}},"210":{"start":{"line":211,"column":0},"end":{"line":211,"column":33}},"211":{"start":{"line":212,"column":0},"end":{"line":212,"column":37}},"212":{"start":{"line":213,"column":0},"end":{"line":213,"column":21}},"213":{"start":{"line":214,"column":0},"end":{"line":214,"column":30}},"214":{"start":{"line":215,"column":0},"end":{"line":215,"column":20}},"215":{"start":{"line":216,"column":0},"end":{"line":216,"column":35}},"216":{"start":{"line":217,"column":0},"end":{"line":217,"column":17}},"217":{"start":{"line":218,"column":0},"end":{"line":218,"column":18}},"218":{"start":{"line":219,"column":0},"end":{"line":219,"column":18}},"219":{"start":{"line":220,"column":0},"end":{"line":220,"column":24}},"220":{"start":{"line":221,"column":0},"end":{"line":221,"column":21}},"221":{"start":{"line":222,"column":0},"end":{"line":222,"column":21}},"222":{"start":{"line":223,"column":0},"end":{"line":223,"column":21}},"223":{"start":{"line":224,"column":0},"end":{"line":224,"column":18}},"224":{"start":{"line":225,"column":0},"end":{"line":225,"column":17}},"225":{"start":{"line":226,"column":0},"end":{"line":226,"column":20}},"226":{"start":{"line":227,"column":0},"end":{"line":227,"column":18}},"227":{"start":{"line":228,"column":0},"end":{"line":228,"column":19}},"228":{"start":{"line":229,"column":0},"end":{"line":229,"column":19}},"229":{"start":{"line":230,"column":0},"end":{"line":230,"column":18}},"230":{"start":{"line":231,"column":0},"end":{"line":231,"column":26}},"231":{"start":{"line":232,"column":0},"end":{"line":232,"column":18}},"232":{"start":{"line":233,"column":0},"end":{"line":233,"column":24}},"233":{"start":{"line":234,"column":0},"end":{"line":234,"column":24}},"234":{"start":{"line":235,"column":0},"end":{"line":235,"column":24}},"235":{"start":{"line":236,"column":0},"end":{"line":236,"column":24}},"236":{"start":{"line":237,"column":0},"end":{"line":237,"column":26}},"237":{"start":{"line":238,"column":0},"end":{"line":238,"column":18}},"238":{"start":{"line":239,"column":0},"end":{"line":239,"column":18}},"239":{"start":{"line":240,"column":0},"end":{"line":240,"column":16}},"240":{"start":{"line":241,"column":0},"end":{"line":241,"column":14}},"241":{"start":{"line":242,"column":0},"end":{"line":242,"column":17}},"242":{"start":{"line":243,"column":0},"end":{"line":243,"column":19}},"243":{"start":{"line":244,"column":0},"end":{"line":244,"column":27}},"244":{"start":{"line":245,"column":0},"end":{"line":245,"column":24}},"245":{"start":{"line":246,"column":0},"end":{"line":246,"column":28}},"246":{"start":{"line":247,"column":0},"end":{"line":247,"column":18}},"247":{"start":{"line":248,"column":0},"end":{"line":248,"column":19}},"248":{"start":{"line":249,"column":0},"end":{"line":249,"column":17}},"249":{"start":{"line":250,"column":0},"end":{"line":250,"column":12}},"250":{"start":{"line":251,"column":0},"end":{"line":251,"column":26}},"251":{"start":{"line":252,"column":0},"end":{"line":252,"column":16}},"252":{"start":{"line":253,"column":0},"end":{"line":253,"column":18}},"253":{"start":{"line":254,"column":0},"end":{"line":254,"column":22}},"254":{"start":{"line":255,"column":0},"end":{"line":255,"column":29}},"255":{"start":{"line":256,"column":0},"end":{"line":256,"column":15}},"256":{"start":{"line":257,"column":0},"end":{"line":257,"column":19}},"257":{"start":{"line":258,"column":0},"end":{"line":258,"column":28}},"258":{"start":{"line":259,"column":0},"end":{"line":259,"column":20}},"259":{"start":{"line":260,"column":0},"end":{"line":260,"column":18}},"260":{"start":{"line":261,"column":0},"end":{"line":261,"column":31}},"261":{"start":{"line":262,"column":0},"end":{"line":262,"column":33}},"262":{"start":{"line":263,"column":0},"end":{"line":263,"column":24}},"263":{"start":{"line":264,"column":0},"end":{"line":264,"column":30}},"264":{"start":{"line":265,"column":0},"end":{"line":265,"column":17}},"265":{"start":{"line":266,"column":0},"end":{"line":266,"column":29}},"266":{"start":{"line":267,"column":0},"end":{"line":267,"column":29}},"267":{"start":{"line":268,"column":0},"end":{"line":268,"column":19}},"268":{"start":{"line":269,"column":0},"end":{"line":269,"column":19}},"269":{"start":{"line":270,"column":0},"end":{"line":270,"column":19}},"270":{"start":{"line":271,"column":0},"end":{"line":271,"column":25}},"271":{"start":{"line":272,"column":0},"end":{"line":272,"column":19}},"272":{"start":{"line":273,"column":0},"end":{"line":273,"column":16}},"273":{"start":{"line":274,"column":0},"end":{"line":274,"column":18}},"274":{"start":{"line":275,"column":0},"end":{"line":275,"column":34}},"275":{"start":{"line":276,"column":0},"end":{"line":276,"column":19}},"276":{"start":{"line":277,"column":0},"end":{"line":277,"column":20}},"277":{"start":{"line":278,"column":0},"end":{"line":278,"column":20}},"278":{"start":{"line":279,"column":0},"end":{"line":279,"column":21}},"279":{"start":{"line":280,"column":0},"end":{"line":280,"column":19}},"280":{"start":{"line":281,"column":0},"end":{"line":281,"column":32}},"281":{"start":{"line":282,"column":0},"end":{"line":282,"column":18}},"282":{"start":{"line":283,"column":0},"end":{"line":283,"column":29}},"283":{"start":{"line":284,"column":0},"end":{"line":284,"column":27}},"284":{"start":{"line":285,"column":0},"end":{"line":285,"column":25}},"285":{"start":{"line":286,"column":0},"end":{"line":286,"column":28}},"286":{"start":{"line":287,"column":0},"end":{"line":287,"column":35}},"287":{"start":{"line":288,"column":0},"end":{"line":288,"column":31}},"288":{"start":{"line":289,"column":0},"end":{"line":289,"column":20}},"289":{"start":{"line":290,"column":0},"end":{"line":290,"column":17}},"290":{"start":{"line":291,"column":0},"end":{"line":291,"column":20}},"291":{"start":{"line":292,"column":0},"end":{"line":292,"column":21}},"292":{"start":{"line":293,"column":0},"end":{"line":293,"column":18}},"293":{"start":{"line":294,"column":0},"end":{"line":294,"column":19}},"294":{"start":{"line":295,"column":0},"end":{"line":295,"column":19}},"295":{"start":{"line":296,"column":0},"end":{"line":296,"column":13}},"296":{"start":{"line":297,"column":0},"end":{"line":297,"column":17}},"297":{"start":{"line":298,"column":0},"end":{"line":298,"column":18}},"298":{"start":{"line":299,"column":0},"end":{"line":299,"column":17}},"299":{"start":{"line":300,"column":0},"end":{"line":300,"column":17}},"300":{"start":{"line":301,"column":0},"end":{"line":301,"column":22}},"301":{"start":{"line":302,"column":0},"end":{"line":302,"column":22}},"302":{"start":{"line":303,"column":0},"end":{"line":303,"column":14}},"303":{"start":{"line":304,"column":0},"end":{"line":304,"column":20}},"304":{"start":{"line":305,"column":0},"end":{"line":305,"column":29}},"305":{"start":{"line":306,"column":0},"end":{"line":306,"column":37}},"306":{"start":{"line":307,"column":0},"end":{"line":307,"column":32}},"307":{"start":{"line":308,"column":0},"end":{"line":308,"column":24}},"308":{"start":{"line":309,"column":0},"end":{"line":309,"column":18}},"309":{"start":{"line":310,"column":0},"end":{"line":310,"column":14}},"310":{"start":{"line":311,"column":0},"end":{"line":311,"column":21}},"311":{"start":{"line":312,"column":0},"end":{"line":312,"column":21}},"312":{"start":{"line":313,"column":0},"end":{"line":313,"column":20}},"313":{"start":{"line":314,"column":0},"end":{"line":314,"column":19}},"314":{"start":{"line":315,"column":0},"end":{"line":315,"column":17}},"315":{"start":{"line":316,"column":0},"end":{"line":316,"column":17}},"316":{"start":{"line":317,"column":0},"end":{"line":317,"column":10}},"317":{"start":{"line":318,"column":0},"end":{"line":318,"column":11}},"318":{"start":{"line":319,"column":0},"end":{"line":319,"column":16}},"319":{"start":{"line":320,"column":0},"end":{"line":320,"column":23}},"320":{"start":{"line":321,"column":0},"end":{"line":321,"column":22}},"321":{"start":{"line":322,"column":0},"end":{"line":322,"column":18}},"322":{"start":{"line":323,"column":0},"end":{"line":323,"column":22}},"323":{"start":{"line":324,"column":0},"end":{"line":324,"column":19}},"324":{"start":{"line":325,"column":0},"end":{"line":325,"column":18}},"325":{"start":{"line":326,"column":0},"end":{"line":326,"column":25}},"326":{"start":{"line":327,"column":0},"end":{"line":327,"column":20}},"327":{"start":{"line":328,"column":0},"end":{"line":328,"column":17}},"328":{"start":{"line":329,"column":0},"end":{"line":329,"column":23}},"329":{"start":{"line":330,"column":0},"end":{"line":330,"column":24}},"330":{"start":{"line":331,"column":0},"end":{"line":331,"column":17}},"331":{"start":{"line":332,"column":0},"end":{"line":332,"column":21}},"332":{"start":{"line":333,"column":0},"end":{"line":333,"column":21}},"333":{"start":{"line":334,"column":0},"end":{"line":334,"column":19}},"334":{"start":{"line":335,"column":0},"end":{"line":335,"column":19}},"335":{"start":{"line":336,"column":0},"end":{"line":336,"column":14}},"336":{"start":{"line":337,"column":0},"end":{"line":337,"column":22}},"337":{"start":{"line":338,"column":0},"end":{"line":338,"column":18}},"338":{"start":{"line":339,"column":0},"end":{"line":339,"column":19}},"339":{"start":{"line":340,"column":0},"end":{"line":340,"column":27}},"340":{"start":{"line":341,"column":0},"end":{"line":341,"column":18}},"341":{"start":{"line":342,"column":0},"end":{"line":342,"column":22}},"342":{"start":{"line":343,"column":0},"end":{"line":343,"column":24}},"343":{"start":{"line":344,"column":0},"end":{"line":344,"column":24}},"344":{"start":{"line":345,"column":0},"end":{"line":345,"column":35}},"345":{"start":{"line":346,"column":0},"end":{"line":346,"column":15}},"346":{"start":{"line":347,"column":0},"end":{"line":347,"column":24}},"347":{"start":{"line":348,"column":0},"end":{"line":348,"column":16}},"348":{"start":{"line":349,"column":0},"end":{"line":349,"column":24}},"349":{"start":{"line":350,"column":0},"end":{"line":350,"column":20}},"350":{"start":{"line":351,"column":0},"end":{"line":351,"column":37}},"351":{"start":{"line":352,"column":0},"end":{"line":352,"column":18}},"352":{"start":{"line":353,"column":0},"end":{"line":353,"column":18}},"353":{"start":{"line":354,"column":0},"end":{"line":354,"column":18}},"354":{"start":{"line":355,"column":0},"end":{"line":355,"column":18}},"355":{"start":{"line":356,"column":0},"end":{"line":356,"column":12}},"356":{"start":{"line":357,"column":0},"end":{"line":357,"column":19}},"357":{"start":{"line":358,"column":0},"end":{"line":358,"column":22}},"358":{"start":{"line":359,"column":0},"end":{"line":359,"column":15}},"359":{"start":{"line":360,"column":0},"end":{"line":360,"column":20}},"360":{"start":{"line":361,"column":0},"end":{"line":361,"column":19}},"361":{"start":{"line":362,"column":0},"end":{"line":362,"column":13}},"362":{"start":{"line":363,"column":0},"end":{"line":363,"column":17}},"363":{"start":{"line":364,"column":0},"end":{"line":364,"column":21}},"364":{"start":{"line":365,"column":0},"end":{"line":365,"column":21}},"365":{"start":{"line":366,"column":0},"end":{"line":366,"column":18}},"366":{"start":{"line":367,"column":0},"end":{"line":367,"column":21}},"367":{"start":{"line":368,"column":0},"end":{"line":368,"column":27}},"368":{"start":{"line":369,"column":0},"end":{"line":369,"column":21}},"369":{"start":{"line":370,"column":0},"end":{"line":370,"column":21}},"370":{"start":{"line":371,"column":0},"end":{"line":371,"column":22}},"371":{"start":{"line":372,"column":0},"end":{"line":372,"column":19}},"372":{"start":{"line":373,"column":0},"end":{"line":373,"column":17}},"373":{"start":{"line":374,"column":0},"end":{"line":374,"column":17}},"374":{"start":{"line":375,"column":0},"end":{"line":375,"column":17}},"375":{"start":{"line":376,"column":0},"end":{"line":376,"column":26}},"376":{"start":{"line":377,"column":0},"end":{"line":377,"column":13}},"377":{"start":{"line":378,"column":0},"end":{"line":378,"column":16}},"378":{"start":{"line":379,"column":0},"end":{"line":379,"column":19}},"379":{"start":{"line":380,"column":0},"end":{"line":380,"column":22}},"380":{"start":{"line":381,"column":0},"end":{"line":381,"column":21}},"381":{"start":{"line":382,"column":0},"end":{"line":382,"column":22}},"382":{"start":{"line":383,"column":0},"end":{"line":383,"column":26}},"383":{"start":{"line":384,"column":0},"end":{"line":384,"column":26}},"384":{"start":{"line":385,"column":0},"end":{"line":385,"column":26}},"385":{"start":{"line":386,"column":0},"end":{"line":386,"column":26}},"386":{"start":{"line":387,"column":0},"end":{"line":387,"column":27}},"387":{"start":{"line":388,"column":0},"end":{"line":388,"column":29}},"388":{"start":{"line":389,"column":0},"end":{"line":389,"column":27}},"389":{"start":{"line":390,"column":0},"end":{"line":390,"column":26}},"390":{"start":{"line":391,"column":0},"end":{"line":391,"column":19}},"391":{"start":{"line":392,"column":0},"end":{"line":392,"column":18}},"392":{"start":{"line":393,"column":0},"end":{"line":393,"column":21}},"393":{"start":{"line":394,"column":0},"end":{"line":394,"column":17}},"394":{"start":{"line":395,"column":0},"end":{"line":395,"column":12}},"395":{"start":{"line":396,"column":0},"end":{"line":396,"column":18}},"396":{"start":{"line":397,"column":0},"end":{"line":397,"column":33}},"397":{"start":{"line":398,"column":0},"end":{"line":398,"column":40}},"398":{"start":{"line":399,"column":0},"end":{"line":399,"column":40}},"399":{"start":{"line":400,"column":0},"end":{"line":400,"column":20}},"400":{"start":{"line":401,"column":0},"end":{"line":401,"column":28}},"401":{"start":{"line":402,"column":0},"end":{"line":402,"column":22}},"402":{"start":{"line":403,"column":0},"end":{"line":403,"column":27}},"403":{"start":{"line":404,"column":0},"end":{"line":404,"column":22}},"404":{"start":{"line":405,"column":0},"end":{"line":405,"column":27}},"405":{"start":{"line":406,"column":0},"end":{"line":406,"column":17}},"406":{"start":{"line":407,"column":0},"end":{"line":407,"column":11}},"407":{"start":{"line":408,"column":0},"end":{"line":408,"column":21}},"408":{"start":{"line":409,"column":0},"end":{"line":409,"column":16}},"409":{"start":{"line":410,"column":0},"end":{"line":410,"column":16}},"410":{"start":{"line":411,"column":0},"end":{"line":411,"column":18}},"411":{"start":{"line":412,"column":0},"end":{"line":412,"column":17}},"412":{"start":{"line":413,"column":0},"end":{"line":413,"column":21}},"413":{"start":{"line":414,"column":0},"end":{"line":414,"column":20}},"414":{"start":{"line":415,"column":0},"end":{"line":415,"column":26}},"415":{"start":{"line":416,"column":0},"end":{"line":416,"column":41}},"416":{"start":{"line":417,"column":0},"end":{"line":417,"column":20}},"417":{"start":{"line":418,"column":0},"end":{"line":418,"column":18}},"418":{"start":{"line":419,"column":0},"end":{"line":419,"column":18}},"419":{"start":{"line":420,"column":0},"end":{"line":420,"column":22}},"420":{"start":{"line":421,"column":0},"end":{"line":421,"column":18}},"421":{"start":{"line":422,"column":0},"end":{"line":422,"column":18}},"422":{"start":{"line":423,"column":0},"end":{"line":423,"column":17}},"423":{"start":{"line":424,"column":0},"end":{"line":424,"column":22}},"424":{"start":{"line":425,"column":0},"end":{"line":425,"column":22}},"425":{"start":{"line":426,"column":0},"end":{"line":426,"column":18}},"426":{"start":{"line":427,"column":0},"end":{"line":427,"column":22}},"427":{"start":{"line":428,"column":0},"end":{"line":428,"column":21}},"428":{"start":{"line":429,"column":0},"end":{"line":429,"column":19}},"429":{"start":{"line":430,"column":0},"end":{"line":430,"column":24}},"430":{"start":{"line":431,"column":0},"end":{"line":431,"column":19}},"431":{"start":{"line":432,"column":0},"end":{"line":432,"column":13}},"432":{"start":{"line":433,"column":0},"end":{"line":433,"column":22}},"433":{"start":{"line":434,"column":0},"end":{"line":434,"column":21}},"434":{"start":{"line":435,"column":0},"end":{"line":435,"column":24}},"435":{"start":{"line":436,"column":0},"end":{"line":436,"column":27}},"436":{"start":{"line":437,"column":0},"end":{"line":437,"column":26}},"437":{"start":{"line":438,"column":0},"end":{"line":438,"column":24}},"438":{"start":{"line":439,"column":0},"end":{"line":439,"column":19}},"439":{"start":{"line":440,"column":0},"end":{"line":440,"column":20}},"440":{"start":{"line":441,"column":0},"end":{"line":441,"column":24}},"441":{"start":{"line":442,"column":0},"end":{"line":442,"column":22}},"442":{"start":{"line":443,"column":0},"end":{"line":443,"column":20}},"443":{"start":{"line":444,"column":0},"end":{"line":444,"column":21}},"444":{"start":{"line":445,"column":0},"end":{"line":445,"column":30}},"445":{"start":{"line":446,"column":0},"end":{"line":446,"column":17}},"446":{"start":{"line":447,"column":0},"end":{"line":447,"column":20}},"447":{"start":{"line":448,"column":0},"end":{"line":448,"column":23}},"448":{"start":{"line":449,"column":0},"end":{"line":449,"column":24}},"449":{"start":{"line":450,"column":0},"end":{"line":450,"column":19}},"450":{"start":{"line":451,"column":0},"end":{"line":451,"column":20}},"451":{"start":{"line":452,"column":0},"end":{"line":452,"column":30}},"452":{"start":{"line":453,"column":0},"end":{"line":453,"column":32}},"453":{"start":{"line":454,"column":0},"end":{"line":454,"column":15}},"454":{"start":{"line":455,"column":0},"end":{"line":455,"column":18}},"455":{"start":{"line":456,"column":0},"end":{"line":456,"column":14}},"456":{"start":{"line":457,"column":0},"end":{"line":457,"column":17}},"457":{"start":{"line":458,"column":0},"end":{"line":458,"column":25}},"458":{"start":{"line":459,"column":0},"end":{"line":459,"column":19}},"459":{"start":{"line":460,"column":0},"end":{"line":460,"column":15}},"460":{"start":{"line":461,"column":0},"end":{"line":461,"column":20}},"461":{"start":{"line":462,"column":0},"end":{"line":462,"column":19}},"462":{"start":{"line":463,"column":0},"end":{"line":463,"column":18}},"463":{"start":{"line":464,"column":0},"end":{"line":464,"column":18}},"464":{"start":{"line":465,"column":0},"end":{"line":465,"column":20}},"465":{"start":{"line":466,"column":0},"end":{"line":466,"column":17}},"466":{"start":{"line":467,"column":0},"end":{"line":467,"column":18}},"467":{"start":{"line":468,"column":0},"end":{"line":468,"column":18}},"468":{"start":{"line":469,"column":0},"end":{"line":469,"column":20}},"469":{"start":{"line":470,"column":0},"end":{"line":470,"column":24}},"470":{"start":{"line":471,"column":0},"end":{"line":471,"column":19}},"471":{"start":{"line":472,"column":0},"end":{"line":472,"column":26}},"472":{"start":{"line":473,"column":0},"end":{"line":473,"column":17}},"473":{"start":{"line":474,"column":0},"end":{"line":474,"column":16}},"474":{"start":{"line":475,"column":0},"end":{"line":475,"column":34}},"475":{"start":{"line":476,"column":0},"end":{"line":476,"column":22}},"476":{"start":{"line":477,"column":0},"end":{"line":477,"column":21}},"477":{"start":{"line":478,"column":0},"end":{"line":478,"column":22}},"478":{"start":{"line":479,"column":0},"end":{"line":479,"column":30}},"479":{"start":{"line":480,"column":0},"end":{"line":480,"column":18}},"480":{"start":{"line":481,"column":0},"end":{"line":481,"column":17}},"481":{"start":{"line":482,"column":0},"end":{"line":482,"column":18}},"482":{"start":{"line":483,"column":0},"end":{"line":483,"column":18}},"483":{"start":{"line":484,"column":0},"end":{"line":484,"column":23}},"484":{"start":{"line":485,"column":0},"end":{"line":485,"column":28}},"485":{"start":{"line":486,"column":0},"end":{"line":486,"column":18}},"486":{"start":{"line":487,"column":0},"end":{"line":487,"column":28}},"487":{"start":{"line":488,"column":0},"end":{"line":488,"column":19}},"488":{"start":{"line":489,"column":0},"end":{"line":489,"column":31}},"489":{"start":{"line":490,"column":0},"end":{"line":490,"column":12}},"490":{"start":{"line":491,"column":0},"end":{"line":491,"column":19}},"491":{"start":{"line":492,"column":0},"end":{"line":492,"column":18}},"492":{"start":{"line":493,"column":0},"end":{"line":493,"column":20}},"493":{"start":{"line":494,"column":0},"end":{"line":494,"column":18}},"494":{"start":{"line":495,"column":0},"end":{"line":495,"column":13}},"495":{"start":{"line":496,"column":0},"end":{"line":496,"column":23}},"496":{"start":{"line":497,"column":0},"end":{"line":497,"column":17}},"497":{"start":{"line":498,"column":0},"end":{"line":498,"column":18}},"498":{"start":{"line":499,"column":0},"end":{"line":499,"column":19}},"499":{"start":{"line":500,"column":0},"end":{"line":500,"column":19}},"500":{"start":{"line":501,"column":0},"end":{"line":501,"column":20}},"501":{"start":{"line":502,"column":0},"end":{"line":502,"column":20}},"502":{"start":{"line":503,"column":0},"end":{"line":503,"column":20}},"503":{"start":{"line":504,"column":0},"end":{"line":504,"column":18}},"504":{"start":{"line":505,"column":0},"end":{"line":505,"column":17}},"505":{"start":{"line":506,"column":0},"end":{"line":506,"column":18}},"506":{"start":{"line":507,"column":0},"end":{"line":507,"column":23}},"507":{"start":{"line":508,"column":0},"end":{"line":508,"column":19}},"508":{"start":{"line":509,"column":0},"end":{"line":509,"column":33}},"509":{"start":{"line":510,"column":0},"end":{"line":510,"column":21}},"510":{"start":{"line":511,"column":0},"end":{"line":511,"column":18}},"511":{"start":{"line":512,"column":0},"end":{"line":512,"column":14}},"512":{"start":{"line":513,"column":0},"end":{"line":513,"column":40}},"513":{"start":{"line":514,"column":0},"end":{"line":514,"column":25}},"514":{"start":{"line":515,"column":0},"end":{"line":515,"column":19}},"515":{"start":{"line":516,"column":0},"end":{"line":516,"column":19}},"516":{"start":{"line":517,"column":0},"end":{"line":517,"column":18}},"517":{"start":{"line":518,"column":0},"end":{"line":518,"column":14}},"518":{"start":{"line":519,"column":0},"end":{"line":519,"column":23}},"519":{"start":{"line":520,"column":0},"end":{"line":520,"column":20}},"520":{"start":{"line":521,"column":0},"end":{"line":521,"column":20}},"521":{"start":{"line":522,"column":0},"end":{"line":522,"column":18}},"522":{"start":{"line":523,"column":0},"end":{"line":523,"column":12}},"523":{"start":{"line":524,"column":0},"end":{"line":524,"column":23}},"524":{"start":{"line":525,"column":0},"end":{"line":525,"column":22}},"525":{"start":{"line":526,"column":0},"end":{"line":526,"column":24}},"526":{"start":{"line":527,"column":0},"end":{"line":527,"column":20}},"527":{"start":{"line":528,"column":0},"end":{"line":528,"column":17}},"528":{"start":{"line":529,"column":0},"end":{"line":529,"column":17}},"529":{"start":{"line":530,"column":0},"end":{"line":530,"column":19}},"530":{"start":{"line":531,"column":0},"end":{"line":531,"column":22}},"531":{"start":{"line":532,"column":0},"end":{"line":532,"column":32}},"532":{"start":{"line":533,"column":0},"end":{"line":533,"column":18}},"533":{"start":{"line":534,"column":0},"end":{"line":534,"column":27}},"534":{"start":{"line":535,"column":0},"end":{"line":535,"column":22}},"535":{"start":{"line":536,"column":0},"end":{"line":536,"column":19}},"536":{"start":{"line":537,"column":0},"end":{"line":537,"column":17}},"537":{"start":{"line":538,"column":0},"end":{"line":538,"column":28}},"538":{"start":{"line":539,"column":0},"end":{"line":539,"column":20}},"539":{"start":{"line":540,"column":0},"end":{"line":540,"column":27}},"540":{"start":{"line":541,"column":0},"end":{"line":541,"column":21}},"541":{"start":{"line":542,"column":0},"end":{"line":542,"column":27}},"542":{"start":{"line":543,"column":0},"end":{"line":543,"column":20}},"543":{"start":{"line":544,"column":0},"end":{"line":544,"column":17}},"544":{"start":{"line":545,"column":0},"end":{"line":545,"column":18}},"545":{"start":{"line":546,"column":0},"end":{"line":546,"column":20}},"546":{"start":{"line":547,"column":0},"end":{"line":547,"column":19}},"547":{"start":{"line":548,"column":0},"end":{"line":548,"column":13}},"548":{"start":{"line":549,"column":0},"end":{"line":549,"column":27}},"549":{"start":{"line":550,"column":0},"end":{"line":550,"column":19}},"550":{"start":{"line":551,"column":0},"end":{"line":551,"column":17}},"551":{"start":{"line":552,"column":0},"end":{"line":552,"column":13}},"552":{"start":{"line":553,"column":0},"end":{"line":553,"column":19}},"553":{"start":{"line":554,"column":0},"end":{"line":554,"column":34}},"554":{"start":{"line":555,"column":0},"end":{"line":555,"column":17}},"555":{"start":{"line":556,"column":0},"end":{"line":556,"column":21}},"556":{"start":{"line":557,"column":0},"end":{"line":557,"column":35}},"557":{"start":{"line":558,"column":0},"end":{"line":558,"column":20}},"558":{"start":{"line":559,"column":0},"end":{"line":559,"column":26}},"559":{"start":{"line":560,"column":0},"end":{"line":560,"column":26}},"560":{"start":{"line":561,"column":0},"end":{"line":561,"column":17}},"561":{"start":{"line":562,"column":0},"end":{"line":562,"column":18}},"562":{"start":{"line":563,"column":0},"end":{"line":563,"column":18}},"563":{"start":{"line":564,"column":0},"end":{"line":564,"column":18}},"564":{"start":{"line":565,"column":0},"end":{"line":565,"column":17}},"565":{"start":{"line":566,"column":0},"end":{"line":566,"column":17}},"566":{"start":{"line":567,"column":0},"end":{"line":567,"column":20}},"567":{"start":{"line":568,"column":0},"end":{"line":568,"column":18}},"568":{"start":{"line":569,"column":0},"end":{"line":569,"column":17}},"569":{"start":{"line":570,"column":0},"end":{"line":570,"column":24}},"570":{"start":{"line":571,"column":0},"end":{"line":571,"column":19}},"571":{"start":{"line":572,"column":0},"end":{"line":572,"column":34}},"572":{"start":{"line":573,"column":0},"end":{"line":573,"column":29}},"573":{"start":{"line":574,"column":0},"end":{"line":574,"column":24}},"574":{"start":{"line":575,"column":0},"end":{"line":575,"column":17}},"575":{"start":{"line":576,"column":0},"end":{"line":576,"column":26}},"576":{"start":{"line":577,"column":0},"end":{"line":577,"column":19}},"577":{"start":{"line":578,"column":0},"end":{"line":578,"column":15}},"578":{"start":{"line":579,"column":0},"end":{"line":579,"column":18}},"579":{"start":{"line":580,"column":0},"end":{"line":580,"column":33}},"580":{"start":{"line":581,"column":0},"end":{"line":581,"column":17}},"581":{"start":{"line":582,"column":0},"end":{"line":582,"column":22}},"582":{"start":{"line":583,"column":0},"end":{"line":583,"column":17}},"583":{"start":{"line":584,"column":0},"end":{"line":584,"column":42}},"584":{"start":{"line":585,"column":0},"end":{"line":585,"column":21}},"585":{"start":{"line":586,"column":0},"end":{"line":586,"column":18}},"586":{"start":{"line":587,"column":0},"end":{"line":587,"column":29}},"587":{"start":{"line":588,"column":0},"end":{"line":588,"column":26}},"588":{"start":{"line":589,"column":0},"end":{"line":589,"column":27}},"589":{"start":{"line":590,"column":0},"end":{"line":590,"column":33}},"590":{"start":{"line":591,"column":0},"end":{"line":591,"column":32}},"591":{"start":{"line":592,"column":0},"end":{"line":592,"column":18}},"592":{"start":{"line":593,"column":0},"end":{"line":593,"column":17}},"593":{"start":{"line":594,"column":0},"end":{"line":594,"column":19}},"594":{"start":{"line":595,"column":0},"end":{"line":595,"column":17}},"595":{"start":{"line":596,"column":0},"end":{"line":596,"column":37}},"596":{"start":{"line":597,"column":0},"end":{"line":597,"column":25}},"597":{"start":{"line":598,"column":0},"end":{"line":598,"column":42}},"598":{"start":{"line":599,"column":0},"end":{"line":599,"column":15}},"599":{"start":{"line":600,"column":0},"end":{"line":600,"column":18}},"600":{"start":{"line":601,"column":0},"end":{"line":601,"column":20}},"601":{"start":{"line":602,"column":0},"end":{"line":602,"column":22}},"602":{"start":{"line":603,"column":0},"end":{"line":603,"column":40}},"603":{"start":{"line":604,"column":0},"end":{"line":604,"column":18}},"604":{"start":{"line":605,"column":0},"end":{"line":605,"column":30}},"605":{"start":{"line":606,"column":0},"end":{"line":606,"column":20}},"606":{"start":{"line":607,"column":0},"end":{"line":607,"column":44}},"607":{"start":{"line":608,"column":0},"end":{"line":608,"column":18}},"608":{"start":{"line":609,"column":0},"end":{"line":609,"column":17}},"609":{"start":{"line":610,"column":0},"end":{"line":610,"column":19}},"610":{"start":{"line":611,"column":0},"end":{"line":611,"column":16}},"611":{"start":{"line":612,"column":0},"end":{"line":612,"column":17}},"612":{"start":{"line":613,"column":0},"end":{"line":613,"column":33}},"613":{"start":{"line":614,"column":0},"end":{"line":614,"column":18}},"614":{"start":{"line":615,"column":0},"end":{"line":615,"column":19}},"615":{"start":{"line":616,"column":0},"end":{"line":616,"column":14}},"616":{"start":{"line":617,"column":0},"end":{"line":617,"column":20}},"617":{"start":{"line":618,"column":0},"end":{"line":618,"column":11}},"618":{"start":{"line":619,"column":0},"end":{"line":619,"column":18}},"619":{"start":{"line":620,"column":0},"end":{"line":620,"column":19}},"620":{"start":{"line":621,"column":0},"end":{"line":621,"column":18}},"621":{"start":{"line":622,"column":0},"end":{"line":622,"column":18}},"622":{"start":{"line":623,"column":0},"end":{"line":623,"column":18}},"623":{"start":{"line":624,"column":0},"end":{"line":624,"column":23}},"624":{"start":{"line":625,"column":0},"end":{"line":625,"column":17}},"625":{"start":{"line":626,"column":0},"end":{"line":626,"column":17}},"626":{"start":{"line":627,"column":0},"end":{"line":627,"column":13}},"627":{"start":{"line":628,"column":0},"end":{"line":628,"column":23}},"628":{"start":{"line":629,"column":0},"end":{"line":629,"column":20}},"629":{"start":{"line":630,"column":0},"end":{"line":630,"column":17}},"630":{"start":{"line":631,"column":0},"end":{"line":631,"column":17}},"631":{"start":{"line":632,"column":0},"end":{"line":632,"column":19}},"632":{"start":{"line":633,"column":0},"end":{"line":633,"column":11}}},"s":{"0":1,"1":1,"2":1,"3":1,"4":1,"5":1,"6":1,"7":1,"8":1,"9":1,"10":1,"11":1,"12":1,"13":1,"14":1,"15":1,"16":1,"17":1,"18":1,"19":1,"20":1,"21":1,"22":1,"23":1,"24":1,"25":1,"26":1,"27":1,"28":1,"29":1,"30":1,"31":1,"32":1,"33":1,"34":1,"35":1,"36":1,"37":1,"38":1,"39":1,"40":1,"41":1,"42":1,"43":1,"44":1,"45":1,"46":1,"47":1,"48":1,"49":1,"50":1,"51":1,"52":1,"53":1,"54":1,"55":1,"56":1,"57":1,"58":1,"59":1,"60":1,"61":1,"62":1,"63":1,"64":1,"65":1,"66":1,"67":1,"68":1,"69":1,"70":1,"71":1,"72":1,"73":1,"74":1,"75":1,"76":1,"77":1,"78":1,"79":1,"80":1,"81":1,"82":1,"83":1,"84":1,"85":1,"86":1,"87":1,"88":1,"89":1,"90":1,"91":1,"92":1,"93":1,"94":1,"95":1,"96":1,"97":1,"98":1,"99":1,"100":1,"101":1,"102":1,"103":1,"104":1,"105":1,"106":1,"107":1,"108":1,"109":1,"110":1,"111":1,"112":1,"113":1,"114":1,"115":1,"116":1,"117":1,"118":1,"119":1,"120":1,"121":1,"122":1,"123":1,"124":1,"125":1,"126":1,"127":1,"128":1,"129":1,"130":1,"131":1,"132":1,"133":1,"134":1,"135":1,"136":1,"137":1,"138":1,"139":1,"140":1,"141":1,"142":1,"143":1,"144":1,"145":1,"146":1,"147":1,"148":1,"149":1,"150":1,"151":1,"152":1,"153":1,"154":1,"155":1,"156":1,"157":1,"158":1,"159":1,"160":1,"161":1,"162":1,"163":1,"164":1,"165":1,"166":1,"167":1,"168":1,"169":1,"170":1,"171":1,"172":1,"173":1,"174":1,"175":1,"176":1,"177":1,"178":1,"179":1,"180":1,"181":1,"182":1,"183":1,"184":1,"185":1,"186":1,"187":1,"188":1,"189":1,"190":1,"191":1,"192":1,"193":1,"194":1,"195":1,"196":1,"197":1,"198":1,"199":1,"200":1,"201":1,"202":1,"203":1,"204":1,"205":1,"206":1,"207":1,"208":1,"209":1,"210":1,"211":1,"212":1,"213":1,"214":1,"215":1,"216":1,"217":1,"218":1,"219":1,"220":1,"221":1,"222":1,"223":1,"224":1,"225":1,"226":1,"227":1,"228":1,"229":1,"230":1,"231":1,"232":1,"233":1,"234":1,"235":1,"236":1,"237":1,"238":1,"239":1,"240":1,"241":1,"242":1,"243":1,"244":1,"245":1,"246":1,"247":1,"248":1,"249":1,"250":1,"251":1,"252":1,"253":1,"254":1,"255":1,"256":1,"257":1,"258":1,"259":1,"260":1,"261":1,"262":1,"263":1,"264":1,"265":1,"266":1,"267":1,"268":1,"269":1,"270":1,"271":1,"272":1,"273":1,"274":1,"275":1,"276":1,"277":1,"278":1,"279":1,"280":1,"281":1,"282":1,"283":1,"284":1,"285":1,"286":1,"287":1,"288":1,"289":1,"290":1,"291":1,"292":1,"293":1,"294":1,"295":1,"296":1,"297":1,"298":1,"299":1,"300":1,"301":1,"302":1,"303":1,"304":1,"305":1,"306":1,"307":1,"308":1,"309":1,"310":1,"311":1,"312":1,"313":1,"314":1,"315":1,"316":1,"317":1,"318":1,"319":1,"320":1,"321":1,"322":1,"323":1,"324":1,"325":1,"326":1,"327":1,"3
[...]
6}},"22":{"start":{"line":23,"column":0},"end":{"line":23,"column":0}},"23":{"start":{"line":24,"column":0},"end":{"line":24,"column":70}},"24":{"start":{"line":25,"column":0},"end":{"line":25,"column":62}},"25":{"start":{"line":26,"column":0},"end":{"line":26,"column":44}},"26":{"start":{"line":27,"column":0},"end":{"line":27,"column":0}},"27":{"start":{"line":28,"column":0},"end":{"line":28,"column":40}},"28":{"start":{"line":29,"column":0},"end":{"line":29,"column":0}},"29":{"start":{"line":30,"column":0},"end":{"line":30,"column":33}},"30":{"start":{"line":31,"column":0},"end":{"line":31,"column":0}},"31":{"start":{"line":32,"column":0},"end":{"line":32,"column":19}},"32":{"start":{"line":33,"column":0},"end":{"line":33,"column":22}},"33":{"start":{"line":34,"column":0},"end":{"line":34,"column":24}},"34":{"start":{"line":35,"column":0},"end":{"line":35,"column":0}},"35":{"start":{"line":36,"column":0},"end":{"line":36,"column":19}},"36":{"start":{"line":37,"column":0},"end":{"line":37,"column":27}},"37":{"start":{"line":38,"column":0},"end":{"line":38,"column":5}},"38":{"start":{"line":39,"column":0},"end":{"line":39,"column":0}},"39":{"start":{"line":40,"column":0},"end":{"line":40,"column":34}},"40":{"start":{"line":41,"column":0},"end":{"line":41,"column":11}},"41":{"start":{"line":42,"column":0},"end":{"line":42,"column":27}},"42":{"start":{"line":43,"column":0},"end":{"line":43,"column":17}},"43":{"start":{"line":44,"column":0},"end":{"line":44,"column":47}},"44":{"start":{"line":45,"column":0},"end":{"line":45,"column":38}},"45":{"start":{"line":46,"column":0},"end":{"line":46,"column":53}},"46":{"start":{"line":47,"column":0},"end":{"line":47,"column":0}},"47":{"start":{"line":48,"column":0},"end":{"line":48,"column":31}},"48":{"start":{"line":49,"column":0},"end":{"line":49,"column":60}},"49":{"start":{"line":50,"column":0},"end":{"line":50,"column":13}},"50":{"start":{"line":51,"column":0},"end":{"line":51,"column":0}},"51":{"start":{"line":52,"column":0},"end":{"line":52,"column":27}},"52":{"start":{"line":53,"column":0},"end":{"line":53,"column":61}},"53":{"start":{"line":54,"column":0},"end":{"line":54,"column":49}},"54":{"start":{"line":55,"column":0},"end":{"line":55,"column":39}},"55":{"start":{"line":56,"column":0},"end":{"line":56,"column":54}},"56":{"start":{"line":57,"column":0},"end":{"line":57,"column":15}},"57":{"start":{"line":58,"column":0},"end":{"line":58,"column":0}},"58":{"start":{"line":59,"column":0},"end":{"line":59,"column":32}},"59":{"start":{"line":60,"column":0},"end":{"line":60,"column":13}},"60":{"start":{"line":61,"column":0},"end":{"line":61,"column":23}},"61":{"start":{"line":62,"column":0},"end":{"line":62,"column":29}},"62":{"start":{"line":63,"column":0},"end":{"line":63,"column":28}},"63":{"start":{"line":64,"column":0},"end":{"line":64,"column":54}},"64":{"start":{"line":65,"column":0},"end":{"line":65,"column":7}},"65":{"start":{"line":66,"column":0},"end":{"line":66,"column":5}},"66":{"start":{"line":67,"column":0},"end":{"line":67,"column":0}},"67":{"start":{"line":68,"column":0},"end":{"line":68,"column":18}},"68":{"start":{"line":69,"column":0},"end":{"line":69,"column":16}},"69":{"start":{"line":70,"column":0},"end":{"line":70,"column":0}},"70":{"start":{"line":71,"column":0},"end":{"line":71,"column":19}},"71":{"start":{"line":72,"column":0},"end":{"line":72,"column":39}},"72":{"start":{"line":73,"column":0},"end":{"line":73,"column":11}},"73":{"start":{"line":74,"column":0},"end":{"line":74,"column":27}},"74":{"start":{"line":75,"column":0},"end":{"line":75,"column":77}},"75":{"start":{"line":76,"column":0},"end":{"line":76,"column":35}},"76":{"start":{"line":77,"column":0},"end":{"line":77,"column":11}},"77":{"start":{"line":78,"column":0},"end":{"line":78,"column":21}},"78":{"start":{"line":79,"column":0},"end":{"line":79,"column":30}},"79":{"start":{"line":80,"column":0},"end":{"line":80,"column":37}},"80":{"start":{"line":81,"column":0},"end":{"line":81,"column":32}},"81":{"start":{"line":82,"column":0},"end":{"line":82,"column":14}},"82":{"start":{"line":83,"column":0},"end":{"line":83,"column":12}},"83":{"start":{"line":84,"column":0},"end":{"line":84,"column":10}},"84":{"start":{"line":85,"column":0},"end":{"line":85,"column":0}},"85":{"start":{"line":86,"column":0},"end":{"line":86,"column":59}},"86":{"start":{"line":87,"column":0},"end":{"line":87,"column":0}},"87":{"start":{"line":88,"column":0},"end":{"line":88,"column":76}},"88":{"start":{"line":89,"column":0},"end":{"line":89,"column":45}},"89":{"start":{"line":90,"column":0},"end":{"line":90,"column":35}},"90":{"start":{"line":91,"column":0},"end":{"line":91,"column":28}},"91":{"start":{"line":92,"column":0},"end":{"line":92,"column":12}},"92":{"start":{"line":93,"column":0},"end":{"line":93,"column":0}},"93":{"start":{"line":94,"column":0},"end":{"line":94,"column":18}},"94":{"start":{"line":95,"column":0},"end":{"line":95,"column":34}},"95":{"start":{"line":96,"column":0},"end":{"line":96,"column":67}},"96":{"start":{"line":97,"column":0},"end":{"line":97,"column":64}},"97":{"start":{"line":98,"column":0},"end":{"line":98,"column":57}},"98":{"start":{"line":99,"column":0},"end":{"line":99,"column":30}},"99":{"start":{"line":100,"column":0},"end":{"line":100,"column":32}},"100":{"start":{"line":101,"column":0},"end":{"line":101,"column":55}},"101":{"start":{"line":102,"column":0},"end":{"line":102,"column":20}},"102":{"start":{"line":103,"column":0},"end":{"line":103,"column":44}},"103":{"start":{"line":104,"column":0},"end":{"line":104,"column":53}},"104":{"start":{"line":105,"column":0},"end":{"line":105,"column":14}},"105":{"start":{"line":106,"column":0},"end":{"line":106,"column":23}},"106":{"start":{"line":107,"column":0},"end":{"line":107,"column":12}},"107":{"start":{"line":108,"column":0},"end":{"line":108,"column":11}},"108":{"start":{"line":109,"column":0},"end":{"line":109,"column":0}},"109":{"start":{"line":110,"column":0},"end":{"line":110,"column":47}},"110":{"start":{"line":111,"column":0},"end":{"line":111,"column":30}},"111":{"start":{"line":112,"column":0},"end":{"line":112,"column":35}},"112":{"start":{"line":113,"column":0},"end":{"line":113,"column":11}},"113":{"start":{"line":114,"column":0},"end":{"line":114,"column":0}},"114":{"start":{"line":115,"column":0},"end":{"line":115,"column":28}},"115":{"start":{"line":116,"column":0},"end":{"line":116,"column":23}},"116":{"start":{"line":117,"column":0},"end":{"line":117,"column":29}},"117":{"start":{"line":118,"column":0},"end":{"line":118,"column":7}},"118":{"start":{"line":119,"column":0},"end":{"line":119,"column":26}},"119":{"start":{"line":120,"column":0},"end":{"line":120,"column":5}},"120":{"start":{"line":121,"column":0},"end":{"line":121,"column":0}},"121":{"start":{"line":122,"column":0},"end":{"line":122,"column":23}},"122":{"start":{"line":123,"column":0},"end":{"line":123,"column":20}},"123":{"start":{"line":124,"column":0},"end":{"line":124,"column":0}},"124":{"start":{"line":125,"column":0},"end":{"line":125,"column":19}},"125":{"start":{"line":126,"column":0},"end":{"line":126,"column":32}},"126":{"start":{"line":127,"column":0},"end":{"line":127,"column":26}},"127":{"start":{"line":128,"column":0},"end":{"line":128,"column":36}},"128":{"start":{"line":129,"column":0},"end":{"line":129,"column":7}},"129":{"start":{"line":130,"column":0},"end":{"line":130,"column":0}},"130":{"start":{"line":131,"column":0},"end":{"line":131,"column":40}},"131":{"start":{"line":132,"column":0},"end":{"line":132,"column":67}},"132":{"start":{"line":133,"column":0},"end":{"line":133,"column":61}},"133":{"start":{"line":134,"column":0},"end":{"line":134,"column":48}},"134":{"start":{"line":135,"column":0},"end":{"line":135,"column":0}},"135":{"start":{"line":136,"column":0},"end":{"line":136,"column":59}},"136":{"start":{"line":137,"column":0},"end":{"line":137,"column":59}},"137":{"start":{"line":138,"column":0},"end":{"line":138,"column":95}},"138":{"start":{"line":139,"column":0},"end":{"line":139,"column":57}},"139":{"start":{"line":140,"column":0},"end":{"line":140,"column":47}},"140":{"start":{"line":141,"column":0},"end":{"line":141,"column":11}},"141":{"start":{"line":142,"column":0},"end":{"line":142,"column":9}},"142":{"start":{"line":143,"column":0},"end":{"line":143,"column":23}},"143":{"start":{"line":144,"column":0},"end":{"line":144,"column":6}},"144":{"start":{"line":145,"column":0},"end":{"line":145,"column":0}},"145":{"start":{"line":146,"column":0},"end":{"line":146,"column":52}},"146":{"start":{"line":147,"column":0},"end":{"line":147,"column":29}},"147":{"start":{"line":148,"column":0},"end":{"line":148,"column":0}},"148":{"start":{"line":149,"column":0},"end":{"line":149,"column":52}},"149":{"start":{"line":150,"column":0},"end":{"line":150,"column":68}},"150":{"start":{"line":151,"column":0},"end":{"line":151,"column":28}},"151":{"start":{"line":152,"column":0},"end":{"line":152,"column":0}},"152":{"start":{"line":153,"column":0},"end":{"line":153,"column":10}},"153":{"start":{"line":154,"column":0},"end":{"line":154,"column":55}},"154":{"start":{"line":155,"column":0},"end":{"line":155,"column":16}},"155":{"start":{"line":156,"column":0},"end":{"line":156,"column":0}},"156":{"start":{"line":157,"column":0},"end":{"line":157,"column":66}},"157":{"start":{"line":158,"column":0},"end":{"line":158,"column":131}},"158":{"start":{"line":159,"column":0},"end":{"line":159,"column":37}},"159":{"start":{"line":160,"column":0},"end":{"line":160,"column":16}},"160":{"start":{"line":161,"column":0},"end":{"line":161,"column":42}},"161":{"start":{"line":162,"column":0},"end":{"line":162,"column":45}},"162":{"start":{"line":163,"column":0},"end":{"line":163,"column":63}},"163":{"start":{"line":164,"column":0},"end":{"line":164,"column":14}},"164":{"start":{"line":165,"column":0},"end":{"line":165,"column":15}},"165":{"start":{"line":166,"column":0},"end":{"line":166,"column":43}},"166":{"start":{"line":167,"column":0},"end":{"line":167,"column":87}},"167":{"start":{"line":168,"column":0},"end":{"line":168,"column":18}},"168":{"start":{"line":169,"column":0},"end":{"line":169,"column":12}},"169":{"start":{"line":170,"column":0},"end":{"line":170,"column":0}},"170":{"start":{"line":171,"column":0},"end":{"line":171,"column":77}},"171":{"start":{"line":172,"column":0},"end":{"line":172,"column":30}},"172":{"start":{"line":173,"column":0},"end":{"line":173,"column":15}},"173":{"start":{"line":174,"column":0},"end":{"line":174,"column":65}},"174":{"start":{"line":175,"column":0},"end":{"line":175,"column":31}},"175":{"start":{"line":176,"column":0},"end":{"line":176,"column":14}},"176":{"start":{"line":177,"column":0},"end":{"line":177,"column":0}},"177":{"start":{"line":178,"column":0},"end":{"line":178,"column":72}},"178":{"start":{"line":179,"column":0},"end":{"line":179,"column":29}},"179":{"start":{"line":180,"column":0},"end":{"line":180,"column":14}},"180":{"start":{"line":181,"column":0},"end":{"line":181,"column":14}},"181":{"start":{"line":182,"column":0},"end":{"line":182,"column":0}},"182":{"start":{"line":183,"column":0},"end":{"line":183,"column":52}},"183":{"start":{"line":184,"column":0},"end":{"line":184,"column":66}},"184":{"start":{"line":185,"column":0},"end":{"line":185,"column":24}},"185":{"start":{"line":186,"column":0},"end":{"line":186,"column":15}},"186":{"start":{"line":187,"column":0},"end":{"line":187,"column":0}},"187":{"start":{"line":188,"column":0},"end":{"line":188,"column":34}},"188":{"start":{"line":189,"column":0},"end":{"line":189,"column":46}},"189":{"start":{"line":190,"column":0},"end":{"line":190,"column":74}},"190":{"start":{"line":191,"column":0},"end":{"line":191,"column":14}},"191":{"start":{"line":192,"column":0},"end":{"line":192,"column":15}},"192":{"start":{"line":193,"column":0},"end":{"line":193,"column":91}},"193":{"start":{"line":194,"column":0},"end":{"line":194,"column":91}},"194":{"start":{"line":195,"column":0},"end":{"line":195,"column":45}},"195":{"start":{"line":196,"column":0},"end":{"line":196,"column":19}},"196":{"start":{"line":197,"column":0},"end":{"line":197,"column":70}},"197":{"start":{"line":198,"column":0},"end":{"line":198,"column":80}},"198":{"start":{"line":199,"column":0},"end":{"line":199,"column":19}},"199":{"start":{"line":200,"column":0},"end":{"line":200,"column":18}},"200":{"start":{"line":201,"column":0},"end":{"line":201,"column":12}},"201":{"start":{"line":202,"column":0},"end":{"line":202,"column":14}},"202":{"start":{"line":203,"column":0},"end":{"line":203,"column":12}},"203":{"start":{"line":204,"column":0},"end":{"line":204,"column":10}},"204":{"start":{"line":205,"column":0},"end":{"line":205,"column":4}},"205":{"start":{"line":206,"column":0},"end":{"line":206,"column":1}}},"s":{"0":1,"1":1,"2":1,"3":1,"4":1,"5":1,"6":1,"7":1,"8":1,"9":1,"10":1,"11":1,"12":1,"13":1,"14":1,"15":1,"16":1,"17":1,"18":2,"19":2,"20":2,"21":2,"22":2,"23":2,"24":2,"25":2,"26":2,"27":2,"28":2,"29":2,"30":2,"31":2,"32":1,"33":1,"34":1,"35":1,"36":1,"37":1,"38":0,"39":0,"40":0,"41":0,"42":0,"43":0,"44":0,"45":0,"46":0,"47":0,"48":0,"49":0,"50":0,"51":0,"52":0,"53":0,"54":0,"55":0,"56":0,"57":0,"58":0,"59":0,"60":0,"61":0,"62":0,"63":0,"64":0,"65":0,"66":0,"67":0,"68":2,"69":2,"70":2,"71":1,"72":1,"73":1,"74":1,"75":1,"76":1,"77":1,"78":1,"79":1,"80":1,"81":1,"82":1,"83":1,"84":0,"85":0,"86":0,"87":0,"88":0,"89":0,"90":0,"91":0,"92":0,"93":0,"94":0,"95":0,"96":0,"97":0,"98":0,"99":0,"100":0,"101":0,"102":0,"103":0,"104":0,"105":0,"106":0,"107":0,"108":0,"109":0,"110":0,"111":0,"112":0,"113":0,"114":0,"115":1,"116":1,"117":1,"118":1,"119":1,"120":1,"121":1,"122":2,"123":2,"124":2,"125":1,"126":0,"127":0,"128":0,"129":0,"130":0,"131":0,"132":0,"133":0,"134":0,"135":0,"136":0,"137":0,"138":0,"139":0,"140":0,"141":0,"142":0,"143":0,"144":1,"145":1,"146":1,"147":1,"148":1,"149":1,"150":2,"151":2,"152":2,"153":2,"154":2,"155":2,"156":2,"157":2,"158":2,"159":0,"160":0,"161":0,"162":0,"163":0,"164":2,"165":2,"166":2,"167":2,"168":2,"169":2,"170":2,"171":2,"172":2,"173":2,"174":2,"175":2,"176":2,"177":2,"178":2,"179":2,"180":2,"181":2,"182":2,"183":2,"184":2,"185":2,"186":2,"187":2,"188":0,"189":0,"190":0,"191":2,"192":2,"193":2,"194":2,"195":2,"196":2,"197":2,"198":2,"199":2,"200":2,"201":2,"202":2,"203":2,"204":2,"205":2},"branchMap":{"0":{"type":"branch","line":18,"loc":{"start":{"line":18,"column":7},"end":{"line":206,"column":1}},"locations":[{"start":{"line":18,"column":7},"end":{"line":206,"column":1}}]},"1":{"type":"branch","line":159,"loc":{"start":{"line":159,"column":11},"end":{"line":159,"column":37}},"locations":[{"start":{"line":159,"column":11},"end":{"line":159,"column":37}}]},"2":{"type":"branch","line":159,"loc":{"start":{"line":159,"column":23},"end":{"line":164,"column":14}},"locations":[{"start":{"line":159,"column":23},"end":{"line":164,"column":14}}]},"3":{"type":"branch","line":172,"loc":{"start":{"line":172,"column":13},"end":{"line":172,"column":30}},"locations":[{"start":{"line":172,"column":13},"end":{"line":172,"column":30}}]},"4":{"type":"branch","line":175,"loc":{"start":{"line":175,"column":13},"end":{"line":175,"column":31}},"locations":[{"start":{"line":175,"column":13},"end":{"line":175,"column":31}}]},"5":{"type":"branch","line":179,"loc":{"start":{"line":179,"column":13},"end":{"line":179,"column":29}},"locations":[{"start":{"line":179,"column":13},"end":{"line":179,"column":29}}]},"6":{"type":"branch","line":188,"loc":{"start":{"line":188,"column":24},"end":{"line":191,"column":14}},"locations":[{"start":{"line":188,"column":24},"end":{"line":191,"column":14}}]},"7":{"type":"branch","line":32,"loc":{"start":{"line":32,"column":12},"end":{"line":69,"column":5}},"locations":[{"start":{"line":32,"column":12},"end":{"line":69,"column":5}}]},"8":{"type":"branch","line":38,"loc":{"start":{"line":38,"column":4},"end":{"line":68,"column":18}},"locations":[{"start":{"line":38,"column":4},"end":{"line":68,"column":18}}]},"9":{"type":"branch","line":71,"loc":{"start":{"line":71,"column":12},"end":{"line":123,"column":5}},"locations":[{"start":{"line":71,"column":12},"end":{"line":123,"column":5}}]},"10":{"type":"branch","line":72,"loc":{"start":{"line":72,"column":4},"end":{"line":120,"column":5}},"locations":[{"start":{"line":72,"column":4},"end":{"line":120,"column":5}}]},"11":{"type":"branch","line":84,"loc":{"start":{"line":84,"column":8},"end":{"line":116,"column":15}},"locations":[{"start":{"line":84,"column":8},"end":{"line":116,"column":15}}]},"12":{"type":"branch","line":125,"loc":{"start":{"line":125,"column":12},"end":{"line":151,"column":5}},"locations":[{"start":{"line":125,"column":12},"end":{"line":151,"column":5}}]},"13":{"type":"branch","line":150,"loc":{"start":{"line":150,"column":11},"end":{"line":150,"column":68}},"locations":[{"start":{"line":150,"column":11},"end":{"line":150,"column":68}}]}},"b":{"0":[2],"1":[0],"2":[0],"3":[0],"4":[0],"5":[0],"6":[0],"7":[1],"8":[0],"9":[1],"10":[1],"11":[0],"12":[1],"13":[1]},"fnMap":{"0":{"name":"User","decl":{"start":{"line":18,"column":7},"end":{"line":206,"column":1}},"loc":{"start":{"line":18,"column":7},"end":{"line":206,"column":1}},"line":18},"1":{"name":"loadProfile","decl":{"start":{"line":40,"column":4},"end":{"line":66,"column":5}},"loc":{"start":{"line":40,"column":4},"end":{"line":66,"column":5}},"line":40},"2":{"name":"loadRepositories","decl":{"start":{"line":72,"column":4},"end":{"line":120,"column":5}},"loc":{"start":{"line":72,"column":4},"end":{"line":120,"column":5}},"line":72},"3":{"name":"handleScroll","decl":{"start":{"line":126,"column":25},"end":{"line":144,"column":6}},"loc":{"start":{"line":126,"column":25},"end":{"line":144,"column":6}},"line":126}},"f":{"0":2,"1":0,"2":1,"3":0}}
,"/home/john/Studies/React/casarcom-frontend-technical-test/src/types/repository.ts": {"path":"/home/john/Studies/React/casarcom-frontend-technical-test/src/types/repository.ts","all":true,"statementMap":{"0":{"start":{"line":1,"column":0},"end":{"line":1,"column":41}},"1":{"start":{"line":2,"column":0},"end":{"line":2,"column":15}},"2":{"start":{"line":3,"column":0},"end":{"line":3,"column":22}},"3":{"start":{"line":4,"column":0},"end":{"line":4,"column":19}},"4":{"start":{"line":5,"column":0},"end":{"line":5,"column":21}},"5":{"start":{"line":6,"column":0},"end":{"line":6,"column":10}},"6":{"start":{"line":7,"column":0},"end":{"line":7,"column":18}},"7":{"start":{"line":8,"column":0},"end":{"line":8,"column":23}},"8":{"start":{"line":9,"column":0},"end":{"line":9,"column":4}},"9":{"start":{"line":10,"column":0},"end":{"line":10,"column":1}},"10":{"start":{"line":11,"column":0},"end":{"line":11,"column":0}},"11":{"start":{"line":12,"column":0},"end":{"line":12,"column":30}},"12":{"start":{"line":13,"column":0},"end":{"line":13,"column":15}},"13":{"start":{"line":14,"column":0},"end":{"line":14,"column":22}},"14":{"start":{"line":15,"column":0},"end":{"line":15,"column":19}},"15":{"start":{"line":16,"column":0},"end":{"line":16,"column":20}},"16":{"start":{"line":17,"column":0},"end":{"line":17,"column":10}},"17":{"start":{"line":18,"column":0},"end":{"line":18,"column":18}},"18":{"start":{"line":19,"column":0},"end":{"line":19,"column":22}},"19":{"start":{"line":20,"column":0},"end":{"line":20,"column":4}},"20":{"start":{"line":21,"column":0},"end":{"line":21,"column":22}},"21":{"start":{"line":22,"column":0},"end":{"line":22,"column":1}}},"s":{"0":0,"1":0,"2":0,"3":0,"4":0,"5":0,"6":0,"7":0,"8":0,"9":0,"10":0,"11":0,"12":0,"13":0,"14":0,"15":0,"16":0,"17":0,"18":0,"19":0,"20":0,"21":0},"branchMap":{"0":{"type":"branch","line":1,"loc":{"start":{"line":1,"column":0},"end":{"line":22,"column":1}},"locations":[{"start":{"line":1,"column":0},"end":{"line":22,"column":1}}]}},"b":{"0":[0]},"fnMap":{"0":{"name":"(empty-report)","decl":{"start":{"line":1,"column":0},"end":{"line":22,"column":1}},"loc":{"start":{"line":1,"column":0},"end":{"line":22,"column":1}},"line":1}},"f":{"0":0}}
}
